2024-12-02 19:16:14.991 [info] Added views:outline in workbench.view.explorer
2024-12-02 19:16:14.991 [info] Added views:workbench.view.search in workbench.view.search
2024-12-02 19:16:14.991 [info] Added views:workbench.scm in workbench.view.scm
2024-12-02 19:16:14.991 [info] Added views:workbench.panel.markers.view in workbench.panel.markers
2024-12-02 19:16:14.991 [info] Added views:workbench.panel.output in workbench.panel.output
2024-12-02 19:16:14.991 [info] Added views:terminal in terminal
2024-12-02 19:16:14.991 [info] Added views:timeline in workbench.view.explorer
2024-12-02 19:16:14.991 [info] Added views:workbench.explorer.fileView in workbench.view.explorer
2024-12-02 19:16:15.262 [info] Added views:workbench.debug.welcome in workbench.view.debug
2024-12-02 19:16:16.894 [info] Added views:~remote.forwardedPorts in ~remote.forwardedPortsContainer
2024-12-02 19:16:17.074 [info] Added views:workbench.panel.repl.view in workbench.panel.repl
2024-12-02 19:16:17.712 [info] Added views:workbench.view.testing in workbench.view.extension.test
2024-12-02 19:16:18.827 [info] Added views:workbench.scm.history in workbench.view.scm
2024-12-02 19:17:06.486 [info] Removed views:workbench.scm.history from workbench.view.scm
2024-12-02 19:17:06.490 [info] Removed views:workbench.view.testing from workbench.view.extension.test
2024-12-02 19:17:07.047 [info] Added views:outline in workbench.view.explorer
2024-12-02 19:17:07.048 [info] Added views:workbench.view.search in workbench.view.search
2024-12-02 19:17:07.048 [info] Added views:workbench.scm in workbench.view.scm
2024-12-02 19:17:07.048 [info] Added views:workbench.panel.markers.view in workbench.panel.markers
2024-12-02 19:17:07.048 [info] Added views:workbench.panel.output in workbench.panel.output
2024-12-02 19:17:07.048 [info] Added views:terminal in terminal
2024-12-02 19:17:07.048 [info] Added views:timeline in workbench.view.explorer
2024-12-02 19:17:07.048 [info] Added views:workbench.explorer.fileView in workbench.view.explorer
2024-12-02 19:17:07.745 [info] Added views:workbench.debug.variablesView,workbench.debug.watchExpressionsView,workbench.debug.callStackView,workbench.debug.breakPointsView in workbench.view.debug
2024-12-02 19:17:07.773 [info] Added views:workbench.panel.repl.view in workbench.panel.repl
2024-12-02 19:17:07.774 [info] Removed views:workbench.debug.breakPointsView,workbench.debug.callStackView,workbench.debug.watchExpressionsView,workbench.debug.variablesView from workbench.view.debug
2024-12-02 19:17:07.774 [info] Added views:workbench.debug.welcome in workbench.view.debug
2024-12-02 19:17:07.909 [info] Added views:~remote.forwardedPorts in ~remote.forwardedPortsContainer
2024-12-02 19:17:39.131 [info] Added views:outline in workbench.view.explorer
2024-12-02 19:17:39.131 [info] Added views:workbench.view.search in workbench.view.search
2024-12-02 19:17:39.131 [info] Added views:workbench.scm in workbench.view.scm
2024-12-02 19:17:39.131 [info] Added views:workbench.panel.markers.view in workbench.panel.markers
2024-12-02 19:17:39.131 [info] Added views:workbench.panel.output in workbench.panel.output
2024-12-02 19:17:39.131 [info] Added views:terminal in terminal
2024-12-02 19:17:39.131 [info] Added views:timeline in workbench.view.explorer
2024-12-02 19:17:39.131 [info] Added views:workbench.explorer.fileView in workbench.view.explorer
2024-12-02 19:17:39.685 [info] Added views:workbench.debug.variablesView,workbench.debug.watchExpressionsView,workbench.debug.callStackView,workbench.debug.breakPointsView in workbench.view.debug
2024-12-02 19:17:39.934 [info] Added views:~remote.forwardedPorts in ~remote.forwardedPortsContainer
2024-12-02 19:17:39.937 [info] Added views:workbench.panel.repl.view in workbench.panel.repl
2024-12-02 19:17:39.938 [info] Removed views:workbench.debug.breakPointsView,workbench.debug.callStackView,workbench.debug.watchExpressionsView,workbench.debug.variablesView from workbench.view.debug
2024-12-02 19:17:39.939 [info] Added views:workbench.debug.welcome in workbench.view.debug
