2024-11-14 12:23:43.277 [info] Extension host with pid 335 started
2024-11-14 12:23:43.381 [info] ExtensionService#_doActivateExtension vscode.git-base, startup: true, activationEvent: '*', root cause: vscode.git
2024-11-14 12:23:43.638 [info] ExtensionService#_doActivateExtension vscode.git, startup: true, activationEvent: '*'
2024-11-14 12:23:43.723 [info] ExtensionService#_doActivateExtension vscode.github, startup: true, activationEvent: '*'
2024-11-14 12:23:43.823 [info] Eager extensions activated
2024-11-14 12:23:43.833 [info] ExtensionService#_doActivateExtension vscode.debug-auto-launch, startup: false, activationEvent: 'onStartupFinished'
2024-11-14 12:23:43.839 [info] ExtensionService#_doActivateExtension vscode.merge-conflict, startup: false, activationEvent: 'onStartupFinished'
2024-11-14 12:23:58.970 [info] Extension host terminating: renderer closed the MessagePort
2024-11-14 12:23:58.996 [info] Extension host with pid 335 exiting with code 0
2024-11-14 12:24:00.075 [info] Extension host with pid 445 started
2024-11-14 12:24:00.075 [info] Skipping acquiring lock for /root/ros2_ws/src/sjtu_drone/~/vscode-root/User/workspaceStorage/0e1f485fb076e9b81c3d1d4ad5cf23ee.
2024-11-14 12:24:00.130 [info] ExtensionService#_doActivateExtension vscode.git-base, startup: true, activationEvent: '*'
2024-11-14 12:24:00.138 [info] ExtensionService#_doActivateExtension vscode.github, startup: true, activationEvent: '*'
2024-11-14 12:24:00.351 [info] Eager extensions activated
2024-11-14 12:24:00.386 [info] ExtensionService#_doActivateExtension vscode.debug-auto-launch, startup: false, activationEvent: 'onStartupFinished'
2024-11-14 12:24:00.390 [info] ExtensionService#_doActivateExtension vscode.merge-conflict, startup: false, activationEvent: 'onStartupFinished'
2024-11-14 12:24:06.240 [info] ExtensionService#_doActivateExtension vscode.git, startup: false, activationEvent: 'api', root cause: vscode.github
2024-11-14 12:24:06.420 [info] ExtensionService#_doActivateExtension vscode.emmet, startup: false, activationEvent: 'onLanguage'
2024-11-14 12:24:06.535 [info] ExtensionService#_doActivateExtension vscode.github-authentication, startup: false, activationEvent: 'onAuthenticationRequest:github'
2024-11-14 12:24:12.320 [info] ExtensionService#_doActivateExtension vscode.media-preview, startup: false, activationEvent: 'onCustomEditor:imagePreview.previewEditor'
2024-11-14 12:41:35.800 [info] ExtensionService#_doActivateExtension ms-python.python, startup: false, activationEvent: 'onLanguage:python', root cause: ms-python.debugpy
2024-11-14 12:41:36.896 [info] ExtensionService#_doActivateExtension ms-python.debugpy, startup: false, activationEvent: 'onLanguage:python'
2024-11-14 12:41:36.953 [info] ExtensionService#_doActivateExtension ms-python.vscode-pylance, startup: false, activationEvent: 'onLanguage:python'
