2024-11-14 12:41:36.761 [info] Starting Python Locator /root/.vscode/extensions/ms-python.python-2024.20.0-linux-x64/python-env-tools/bin/pet server
2024-11-14 12:41:36.828 [info] Discovered env: /bin/python3
2024-11-14 12:41:36.835 [info] Discovered env: /usr/bin/python3
2024-11-14 12:41:36.836 [info] Discovered env: /bin/python3.10
2024-11-14 12:41:36.837 [info] Discovered env: /usr/bin/python3.10
2024-11-14 12:41:36.869 [info] Resolved /bin/python3
2024-11-14 12:41:37.314 [info] Resolved /usr/bin/python3
2024-11-14 12:41:37.319 [info] Locator Conda took 129.87911ms
2024-11-14 12:41:37.319 [info] Locator Homebrew took 44.427µs
2024-11-14 12:41:37.320 [info] Locator LinuxGlobal took 168.537088ms
2024-11-14 12:41:37.320 [info] Locator PipEnv took 21.941µs
2024-11-14 12:41:37.320 [info] Locator Poetry took 5.534965ms
2024-11-14 12:41:37.320 [info] Locator PyEnv took 18.271212ms
2024-11-14 12:41:37.320 [info] Locator Venv took 14.639µs
2024-11-14 12:41:37.320 [info] Locator VirtualEnv took 67.102µs
2024-11-14 12:41:37.320 [info] Locator VirtualEnvWrapper took 15.521µs
2024-11-14 12:41:37.320 [info] Locator GlobalVirtualEnvs took 665.158µs
2024-11-14 12:41:37.320 [info] Locator Locators took 170.959508ms
2024-11-14 12:41:37.320 [info] Locator Path took 98.969794ms
2024-11-14 12:41:37.321 [info] Locator Workspaces took 2.199219ms
2024-11-14 12:41:37.321 [info] Refresh completed in 171ms
2024-11-14 12:41:37.323 [info] Resolved /bin/python3.10
2024-11-14 12:41:37.324 [info] Resolved /usr/bin/python3.10
