2024-11-14 12:41:38.102 [info] (Client) Pylance async client (2024.11.2) started with python extension (2024.20.0)
2024-11-14 12:41:38.628 [info] [Info  - 12:41:38 PM] (1113) Server root directory: file:///root/.vscode/extensions/ms-python.vscode-pylance-2024.11.2/dist
2024-11-14 12:41:38.628 [info] [Info  - 12:41:38 PM] (1113) Pylance language server 2024.11.2 (pyright version 1.1.386, commit 4180fa21) starting
2024-11-14 12:41:38.628 [info] [Info  - 12:41:38 PM] (1113) Starting service instance "sjtu_drone"
2024-11-14 12:41:38.733 [info] [Info  - 12:41:38 PM] (1113) Setting environmentName for service "sjtu_drone": "3.10.12 (global)"
2024-11-14 12:41:38.734 [info] [Info  - 12:41:38 PM] (1113) Setting pythonPath for service "sjtu_drone": "/bin/python3"
2024-11-14 12:41:38.734 [info] [Info  - 12:41:38 PM] (1113) No include entries specified; assuming /root/ros2_ws/src/sjtu_drone
2024-11-14 12:41:38.735 [info] [Info  - 12:41:38 PM] (1113) Auto-excluding **/node_modules
2024-11-14 12:41:38.735 [info] [Info  - 12:41:38 PM] (1113) Auto-excluding **/__pycache__
2024-11-14 12:41:38.736 [info] [Info  - 12:41:38 PM] (1113) Auto-excluding **/.*
2024-11-14 12:41:38.761 [info] [Info  - 12:41:38 PM] (1113) Assuming Python version 3.10.12.final.0
2024-11-14 12:41:38.877 [info] [Info  - 12:41:38 PM] (1113) Found 20 source files
2024-11-14 12:41:39.361 [info] [Info  - 12:41:39 PM] (1113) Background analysis(1) root directory: file:///root/.vscode/extensions/ms-python.vscode-pylance-2024.11.2/dist
2024-11-14 12:41:39.364 [info] [Info  - 12:41:39 PM] (1113) Background analysis(1) started
2024-11-14 12:41:39.504 [info] [Info  - 12:41:39 PM] (1113) Indexer background runner(2) root directory: file:///root/.vscode/extensions/ms-python.vscode-pylance-2024.11.2/dist (index)
2024-11-14 12:41:39.504 [info] [Info  - 12:41:39 PM] (1113) Indexing(2) started
2024-11-14 12:41:42.332 [info] [Info  - 12:41:42 PM] (1113) scanned(2) 324 files over 1 exec env
2024-11-14 12:41:45.254 [info] [Info  - 12:41:45 PM] (1113) [IDX(2)] Long operation: index execution environment file:///root/ros2_ws/src/sjtu_drone (2747ms)
2024-11-14 12:41:45.273 [info] [Info  - 12:41:45 PM] (1113) [IDX(2)] Long operation: index packages file:///root/ros2_ws/src/sjtu_drone (2787ms)
2024-11-14 12:41:45.276 [info] [Info  - 12:41:45 PM] (1113) indexed(2) 324 files over 1 exec env
2024-11-14 12:41:45.372 [info] [Info  - 12:41:45 PM] (1113) Indexing finished(2).
