2024-11-14 12:23:42.294 [info] Added views:outline in workbench.view.explorer
2024-11-14 12:23:42.294 [info] Added views:workbench.view.search in workbench.view.search
2024-11-14 12:23:42.294 [info] Added views:workbench.scm in workbench.view.scm
2024-11-14 12:23:42.294 [info] Added views:workbench.panel.markers.view in workbench.panel.markers
2024-11-14 12:23:42.294 [info] Added views:workbench.panel.output in workbench.panel.output
2024-11-14 12:23:42.294 [info] Added views:terminal in terminal
2024-11-14 12:23:42.294 [info] Added views:timeline in workbench.view.explorer
2024-11-14 12:23:42.294 [info] Added views:workbench.explorer.emptyView in workbench.view.explorer
2024-11-14 12:23:42.528 [info] Added views:workbench.debug.variablesView,workbench.debug.watchExpressionsView,workbench.debug.callStackView,workbench.debug.breakPointsView in workbench.view.debug
2024-11-14 12:23:43.131 [info] Added views:~remote.forwardedPorts in ~remote.forwardedPortsContainer
2024-11-14 12:23:43.365 [info] Added views:workbench.panel.repl.view in workbench.panel.repl
2024-11-14 12:23:43.369 [info] Removed views:workbench.debug.breakPointsView,workbench.debug.callStackView,workbench.debug.watchExpressionsView,workbench.debug.variablesView from workbench.view.debug
2024-11-14 12:23:43.377 [info] Added views:workbench.debug.welcome in workbench.view.debug
2024-11-14 12:23:59.318 [info] Added views:outline in workbench.view.explorer
2024-11-14 12:23:59.318 [info] Added views:workbench.view.search in workbench.view.search
2024-11-14 12:23:59.318 [info] Added views:workbench.scm in workbench.view.scm
2024-11-14 12:23:59.318 [info] Added views:workbench.panel.markers.view in workbench.panel.markers
2024-11-14 12:23:59.318 [info] Added views:workbench.panel.output in workbench.panel.output
2024-11-14 12:23:59.318 [info] Added views:terminal in terminal
2024-11-14 12:23:59.318 [info] Added views:timeline in workbench.view.explorer
2024-11-14 12:23:59.318 [info] Added views:workbench.explorer.fileView in workbench.view.explorer
2024-11-14 12:23:59.894 [info] Added views:workbench.debug.variablesView,workbench.debug.watchExpressionsView,workbench.debug.callStackView,workbench.debug.breakPointsView in workbench.view.debug
2024-11-14 12:24:00.128 [info] Added views:workbench.panel.repl.view in workbench.panel.repl
2024-11-14 12:24:00.129 [info] Removed views:workbench.debug.breakPointsView,workbench.debug.callStackView,workbench.debug.watchExpressionsView,workbench.debug.variablesView from workbench.view.debug
2024-11-14 12:24:00.129 [info] Added views:workbench.debug.welcome in workbench.view.debug
2024-11-14 12:24:00.160 [info] Added views:~remote.forwardedPorts in ~remote.forwardedPortsContainer
2024-11-14 12:24:06.401 [info] Added views:workbench.scm.history in workbench.view.scm
2024-11-14 12:41:11.377 [info] Added views:workbench.views.extensions.installed,workbench.views.extensions.popular,extensions.recommendedList in workbench.view.extensions
2024-11-14 12:41:11.387 [info] Removed views:workbench.views.extensions.popular from workbench.view.extensions
2024-11-14 12:41:11.583 [info] Added views:workbench.views.extensions.popular in workbench.view.extensions
2024-11-14 12:41:11.956 [info] Removed views:extensions.recommendedList,workbench.views.extensions.popular,workbench.views.extensions.installed from workbench.view.extensions
2024-11-14 12:41:11.960 [info] Added views:workbench.views.extensions.marketplace in workbench.view.extensions
2024-11-14 12:41:36.715 [info] Added views:workbench.view.testing in workbench.view.extension.test
