2024-12-02 19:16:19.266 [info] (Client) Pylance async client (2024.11.3) started with python extension (2024.20.0)
2024-12-02 19:16:19.573 [info] [Info  - 7:16:19 PM] (2316) Server root directory: file:///root/.vscode/extensions/ms-python.vscode-pylance-2024.11.3/dist
2024-12-02 19:16:19.573 [info] [Info  - 7:16:19 PM] (2316) Pylance language server 2024.11.3 (pyright version 1.1.386, commit 4180fa21) starting
2024-12-02 19:16:19.574 [info] [Info  - 7:16:19 PM] (2316) Starting service instance "sjtu_drone"
2024-12-02 19:16:19.667 [info] [Info  - 7:16:19 PM] (2316) Setting environmentName for service "sjtu_drone": "3.10.12 (global)"
2024-12-02 19:16:19.668 [info] [Info  - 7:16:19 PM] (2316) Setting pythonPath for service "sjtu_drone": "/bin/python3"
2024-12-02 19:16:19.668 [info] [Info  - 7:16:19 PM] (2316) No include entries specified; assuming /root/ros2_ws/src/sjtu_drone
2024-12-02 19:16:19.669 [info] [Info  - 7:16:19 PM] (2316) Auto-excluding **/node_modules
2024-12-02 19:16:19.669 [info] [Info  - 7:16:19 PM] (2316) Auto-excluding **/__pycache__
2024-12-02 19:16:19.669 [info] [Info  - 7:16:19 PM] (2316) Auto-excluding **/.*
2024-12-02 19:16:19.721 [info] [Info  - 7:16:19 PM] (2316) Assuming Python version 3.10.12.final.0
2024-12-02 19:16:20.004 [info] [Info  - 7:16:20 PM] (2316) Found 20 source files
2024-12-02 19:16:20.513 [info] [Info  - 7:16:20 PM] (2316) Background analysis(1) root directory: file:///root/.vscode/extensions/ms-python.vscode-pylance-2024.11.3/dist
2024-12-02 19:16:20.516 [info] [Info  - 7:16:20 PM] (2316) Background analysis(1) started
2024-12-02 19:16:21.109 [info] [Info  - 7:16:21 PM] (2316) Indexer background runner(2) root directory: file:///root/.vscode/extensions/ms-python.vscode-pylance-2024.11.3/dist (index)
2024-12-02 19:16:21.110 [info] [Info  - 7:16:21 PM] (2316) Indexing(2) started
2024-12-02 19:16:22.771 [info] [Info  - 7:16:22 PM] (2316) scanned(2) 324 files over 1 exec env
2024-12-02 19:16:25.317 [info] [Info  - 7:16:25 PM] (2316) [IDX(2)] Long operation: index execution environment file:///root/ros2_ws/src/sjtu_drone (2375ms)
2024-12-02 19:16:25.343 [info] [Info  - 7:16:25 PM] (2316) [IDX(2)] Long operation: index packages file:///root/ros2_ws/src/sjtu_drone (2413ms)
2024-12-02 19:16:25.343 [info] [Info  - 7:16:25 PM] (2316) indexed(2) 324 files over 1 exec env
2024-12-02 19:16:25.386 [info] [Info  - 7:16:25 PM] (2316) Indexing finished(2).
