2024-11-14 12:23:43.952 [info] [main] Log level: Info
2024-11-14 12:23:43.952 [info] [main] Validating found git in: "git"
2024-11-14 12:23:43.952 [info] [main] Using git "2.34.1" from "git"
2024-11-14 12:23:43.952 [info] [Model][doInitialScan] Initial repository scan started
2024-11-14 12:23:43.952 [info] [Model][doInitialScan] Initial repository scan completed - repositories (0), closed repositories (0), parent repositories (0), unsafe repositories (0)
2024-11-14 12:24:06.387 [info] [main] Log level: Info
2024-11-14 12:24:06.387 [info] [main] Validating found git in: "git"
2024-11-14 12:24:06.387 [info] [main] Using git "2.34.1" from "git"
2024-11-14 12:24:06.387 [info] [Model][doInitialScan] Initial repository scan started
2024-11-14 12:24:06.387 [info] > git rev-parse --show-toplevel [4ms]
2024-11-14 12:24:06.391 [info] > git rev-parse --git-dir --git-common-dir [1ms]
2024-11-14 12:24:06.400 [info] [Model][openRepository] Opened repository: /root/ros2_ws/src/sjtu_drone
2024-11-14 12:24:06.411 [info] > git config --get commit.template [5ms]
2024-11-14 12:24:06.416 [info] > git rev-parse --show-toplevel [6ms]
2024-11-14 12:24:06.448 [info] > git rev-parse --show-toplevel [29ms]
2024-11-14 12:24:06.449 [info] > git for-each-ref --format=%(refname)%00%(upstream:short)%00%(objectname)%00%(upstream:track)%00%(upstream:remotename)%00%(upstream:remoteref) refs/heads/ros2 refs/remotes/ros2 [35ms]
2024-11-14 12:24:06.464 [warning] [Git][revParse] Unable to read file: ENOENT: no such file or directory, open '/root/ros2_ws/src/sjtu_drone/.git/refs/remotes/origin/ros2'
2024-11-14 12:24:06.466 [info] > git rev-parse refs/remotes/origin/ros2 [2ms]
2024-11-14 12:24:06.472 [info] > git rev-parse --show-toplevel [10ms]
2024-11-14 12:24:06.480 [info] > git for-each-ref --sort -committerdate --format %(refname) %(objectname) %(*objectname) [8ms]
2024-11-14 12:24:06.482 [info] > git rev-parse --show-toplevel [6ms]
2024-11-14 12:24:06.486 [info] > git rev-parse --show-toplevel [1ms]
2024-11-14 12:24:06.490 [info] > git rev-parse --show-toplevel [1ms]
2024-11-14 12:24:06.494 [info] > git rev-parse --show-toplevel [2ms]
2024-11-14 12:24:06.496 [info] [Model][doInitialScan] Initial repository scan completed - repositories (1), closed repositories (0), parent repositories (0), unsafe repositories (0)
2024-11-14 12:24:06.510 [info] > git status -z -uall [41ms]
2024-11-14 12:24:06.530 [info] > git for-each-ref --format=%(refname)%00%(upstream:short)%00%(objectname)%00%(upstream:track)%00%(upstream:remotename)%00%(upstream:remoteref) refs/heads/ros2 refs/remotes/ros2 [9ms]
2024-11-14 12:24:06.535 [info] > git config --get commit.template [5ms]
2024-11-14 12:24:06.565 [info] > git config --local branch.ros2.vscode-merge-base [31ms]
2024-11-14 12:24:06.594 [info] > git for-each-ref --format=%(refname)%00%(upstream:short)%00%(objectname)%00%(upstream:track)%00%(upstream:remotename)%00%(upstream:remoteref) refs/heads/origin/ros2 refs/remotes/origin/ros2 [26ms]
2024-11-14 12:24:06.640 [info] > git merge-base refs/heads/ros2 refs/remotes/origin/ros2 [40ms]
2024-11-14 12:24:06.643 [info] > git for-each-ref --format=%(refname)%00%(upstream:short)%00%(objectname)%00%(upstream:track)%00%(upstream:remotename)%00%(upstream:remoteref) refs/heads/ros2 refs/remotes/ros2 [49ms]
2024-11-14 12:24:06.647 [warning] [Git][revParse] Unable to read file: ENOENT: no such file or directory, open '/root/ros2_ws/src/sjtu_drone/.git/refs/remotes/origin/ros2'
2024-11-14 12:24:06.647 [info] > git diff --name-status -z --diff-filter=ADMR 4a643e22d7cb0400c69eb0a62c689655d481b4db...refs/remotes/origin/ros2 [4ms]
2024-11-14 12:24:06.649 [info] > git rev-parse refs/remotes/origin/ros2 [3ms]
2024-11-14 12:24:06.655 [info] > git for-each-ref --sort -committerdate --format %(refname) %(objectname) %(*objectname) [2ms]
2024-11-14 12:24:06.661 [info] > git status -z -uall [10ms]
2024-11-14 12:24:06.926 [info] > git check-ignore -v -z --stdin [2ms]
2024-11-14 12:24:08.721 [info] > git config --get commit.template [3ms]
2024-11-14 12:24:08.723 [info] > git for-each-ref --format=%(refname)%00%(upstream:short)%00%(objectname)%00%(upstream:track)%00%(upstream:remotename)%00%(upstream:remoteref) refs/heads/ros2 refs/remotes/ros2 [2ms]
2024-11-14 12:24:08.726 [warning] [Git][revParse] Unable to read file: ENOENT: no such file or directory, open '/root/ros2_ws/src/sjtu_drone/.git/refs/remotes/origin/ros2'
2024-11-14 12:24:08.727 [info] > git rev-parse refs/remotes/origin/ros2 [1ms]
2024-11-14 12:24:08.733 [info] > git for-each-ref --sort -committerdate --format %(refname) %(objectname) %(*objectname) [1ms]
2024-11-14 12:24:08.740 [info] > git status -z -uall [10ms]
2024-11-14 12:24:09.521 [info] > git check-ignore -v -z --stdin [2ms]
2024-11-14 12:24:11.965 [info] > git check-ignore -v -z --stdin [3ms]
2024-11-14 12:24:13.905 [info] > git config --get commit.template [5ms]
2024-11-14 12:24:13.907 [info] > git for-each-ref --format=%(refname)%00%(upstream:short)%00%(objectname)%00%(upstream:track)%00%(upstream:remotename)%00%(upstream:remoteref) refs/heads/ros2 refs/remotes/ros2 [2ms]
2024-11-14 12:24:13.910 [warning] [Git][revParse] Unable to read file: ENOENT: no such file or directory, open '/root/ros2_ws/src/sjtu_drone/.git/refs/remotes/origin/ros2'
2024-11-14 12:24:13.911 [info] > git rev-parse refs/remotes/origin/ros2 [1ms]
2024-11-14 12:24:13.918 [info] > git for-each-ref --sort -committerdate --format %(refname) %(objectname) %(*objectname) [1ms]
2024-11-14 12:24:13.925 [info] > git status -z -uall [11ms]
2024-11-14 12:24:18.941 [info] > git config --get commit.template [5ms]
2024-11-14 12:24:18.942 [info] > git for-each-ref --format=%(refname)%00%(upstream:short)%00%(objectname)%00%(upstream:track)%00%(upstream:remotename)%00%(upstream:remoteref) refs/heads/ros2 refs/remotes/ros2 [2ms]
2024-11-14 12:24:18.944 [warning] [Git][revParse] Unable to read file: ENOENT: no such file or directory, open '/root/ros2_ws/src/sjtu_drone/.git/refs/remotes/origin/ros2'
2024-11-14 12:24:18.946 [info] > git rev-parse refs/remotes/origin/ros2 [2ms]
2024-11-14 12:24:18.956 [info] > git for-each-ref --sort -committerdate --format %(refname) %(objectname) %(*objectname) [2ms]
2024-11-14 12:24:18.963 [info] > git status -z -uall [13ms]
2024-11-14 12:24:20.151 [info] > git check-ignore -v -z --stdin [2ms]
2024-11-14 12:24:23.501 [info] > git check-ignore -v -z --stdin [3ms]
2024-11-14 12:24:23.981 [info] > git config --get commit.template [5ms]
2024-11-14 12:24:23.982 [info] > git for-each-ref --format=%(refname)%00%(upstream:short)%00%(objectname)%00%(upstream:track)%00%(upstream:remotename)%00%(upstream:remoteref) refs/heads/ros2 refs/remotes/ros2 [2ms]
2024-11-14 12:24:23.985 [warning] [Git][revParse] Unable to read file: ENOENT: no such file or directory, open '/root/ros2_ws/src/sjtu_drone/.git/refs/remotes/origin/ros2'
2024-11-14 12:24:23.986 [info] > git rev-parse refs/remotes/origin/ros2 [1ms]
2024-11-14 12:24:23.993 [info] > git for-each-ref --sort -committerdate --format %(refname) %(objectname) %(*objectname) [2ms]
2024-11-14 12:24:24.000 [info] > git status -z -uall [11ms]
2024-11-14 12:24:27.246 [info] > git show --textconv :sjtu_drone_bringup/launch/sjtu_drone_bringup.launch.py [3ms]
2024-11-14 12:24:27.247 [info] > git ls-files --stage -- /root/ros2_ws/src/sjtu_drone/sjtu_drone_bringup/launch/sjtu_drone_bringup.launch.py [1ms]
2024-11-14 12:24:27.253 [info] > git cat-file -s 78b1cea93489529ccf273b0060201ef7641cb6ef [2ms]
2024-11-14 12:24:29.011 [info] > git config --get commit.template [5ms]
2024-11-14 12:24:29.012 [info] > git for-each-ref --format=%(refname)%00%(upstream:short)%00%(objectname)%00%(upstream:track)%00%(upstream:remotename)%00%(upstream:remoteref) refs/heads/ros2 refs/remotes/ros2 [2ms]
2024-11-14 12:24:29.016 [warning] [Git][revParse] Unable to read file: ENOENT: no such file or directory, open '/root/ros2_ws/src/sjtu_drone/.git/refs/remotes/origin/ros2'
2024-11-14 12:24:29.018 [info] > git rev-parse refs/remotes/origin/ros2 [2ms]
2024-11-14 12:24:29.027 [info] > git for-each-ref --sort -committerdate --format %(refname) %(objectname) %(*objectname) [1ms]
2024-11-14 12:24:29.034 [info] > git status -z -uall [13ms]
2024-11-14 12:24:33.546 [info] > git show --textconv :sjtu_drone_bringup/launch/sjtu_drone_gazebo.launch.py [3ms]
2024-11-14 12:24:33.547 [info] > git ls-files --stage -- /root/ros2_ws/src/sjtu_drone/sjtu_drone_bringup/launch/sjtu_drone_gazebo.launch.py [1ms]
2024-11-14 12:24:33.553 [info] > git cat-file -s 3934ae592d7f7afccc4f3985a47d0feb8f391058 [2ms]
2024-11-14 12:24:34.054 [info] > git config --get commit.template [9ms]
2024-11-14 12:24:34.054 [info] > git for-each-ref --format=%(refname)%00%(upstream:short)%00%(objectname)%00%(upstream:track)%00%(upstream:remotename)%00%(upstream:remoteref) refs/heads/ros2 refs/remotes/ros2 [3ms]
2024-11-14 12:24:34.059 [warning] [Git][revParse] Unable to read file: ENOENT: no such file or directory, open '/root/ros2_ws/src/sjtu_drone/.git/refs/remotes/origin/ros2'
2024-11-14 12:24:34.062 [info] > git rev-parse refs/remotes/origin/ros2 [2ms]
2024-11-14 12:24:34.075 [info] > git for-each-ref --sort -committerdate --format %(refname) %(objectname) %(*objectname) [3ms]
2024-11-14 12:24:34.088 [info] > git status -z -uall [22ms]
2024-11-14 12:24:39.108 [info] > git config --get commit.template [5ms]
2024-11-14 12:24:39.109 [info] > git for-each-ref --format=%(refname)%00%(upstream:short)%00%(objectname)%00%(upstream:track)%00%(upstream:remotename)%00%(upstream:remoteref) refs/heads/ros2 refs/remotes/ros2 [2ms]
2024-11-14 12:24:39.113 [warning] [Git][revParse] Unable to read file: ENOENT: no such file or directory, open '/root/ros2_ws/src/sjtu_drone/.git/refs/remotes/origin/ros2'
2024-11-14 12:24:39.115 [info] > git rev-parse refs/remotes/origin/ros2 [2ms]
2024-11-14 12:24:39.124 [info] > git for-each-ref --sort -committerdate --format %(refname) %(objectname) %(*objectname) [2ms]
2024-11-14 12:24:39.138 [info] > git status -z -uall [20ms]
2024-11-14 12:24:48.397 [info] > git config --get commit.template [4ms]
2024-11-14 12:24:48.398 [info] > git for-each-ref --format=%(refname)%00%(upstream:short)%00%(objectname)%00%(upstream:track)%00%(upstream:remotename)%00%(upstream:remoteref) refs/heads/ros2 refs/remotes/ros2 [2ms]
2024-11-14 12:24:48.401 [warning] [Git][revParse] Unable to read file: ENOENT: no such file or directory, open '/root/ros2_ws/src/sjtu_drone/.git/refs/remotes/origin/ros2'
2024-11-14 12:24:48.402 [info] > git rev-parse refs/remotes/origin/ros2 [1ms]
2024-11-14 12:24:48.410 [info] > git for-each-ref --sort -committerdate --format %(refname) %(objectname) %(*objectname) [1ms]
2024-11-14 12:24:48.417 [info] > git status -z -uall [12ms]
2024-11-14 12:24:53.437 [info] > git config --get commit.template [6ms]
2024-11-14 12:24:53.438 [info] > git for-each-ref --format=%(refname)%00%(upstream:short)%00%(objectname)%00%(upstream:track)%00%(upstream:remotename)%00%(upstream:remoteref) refs/heads/ros2 refs/remotes/ros2 [2ms]
2024-11-14 12:24:53.442 [warning] [Git][revParse] Unable to read file: ENOENT: no such file or directory, open '/root/ros2_ws/src/sjtu_drone/.git/refs/remotes/origin/ros2'
2024-11-14 12:24:53.443 [info] > git rev-parse refs/remotes/origin/ros2 [1ms]
2024-11-14 12:24:53.451 [info] > git for-each-ref --sort -committerdate --format %(refname) %(objectname) %(*objectname) [1ms]
2024-11-14 12:24:53.458 [info] > git status -z -uall [12ms]
2024-11-14 12:25:00.544 [info] > git config --get commit.template [7ms]
2024-11-14 12:25:00.545 [info] > git for-each-ref --format=%(refname)%00%(upstream:short)%00%(objectname)%00%(upstream:track)%00%(upstream:remotename)%00%(upstream:remoteref) refs/heads/ros2 refs/remotes/ros2 [2ms]
2024-11-14 12:25:00.549 [warning] [Git][revParse] Unable to read file: ENOENT: no such file or directory, open '/root/ros2_ws/src/sjtu_drone/.git/refs/remotes/origin/ros2'
2024-11-14 12:25:00.551 [info] > git rev-parse refs/remotes/origin/ros2 [2ms]
2024-11-14 12:25:00.559 [info] > git for-each-ref --sort -committerdate --format %(refname) %(objectname) %(*objectname) [2ms]
2024-11-14 12:25:00.567 [info] > git status -z -uall [13ms]
2024-11-14 12:25:41.029 [info] > git check-ignore -v -z --stdin [1ms]
2024-11-14 12:25:41.921 [info] > git config --get commit.template [5ms]
2024-11-14 12:25:41.921 [info] > git for-each-ref --format=%(refname)%00%(upstream:short)%00%(objectname)%00%(upstream:track)%00%(upstream:remotename)%00%(upstream:remoteref) refs/heads/ros2 refs/remotes/ros2 [1ms]
2024-11-14 12:25:41.924 [warning] [Git][revParse] Unable to read file: ENOENT: no such file or directory, open '/root/ros2_ws/src/sjtu_drone/.git/refs/remotes/origin/ros2'
2024-11-14 12:25:41.926 [info] > git rev-parse refs/remotes/origin/ros2 [2ms]
2024-11-14 12:25:41.932 [info] > git for-each-ref --sort -committerdate --format %(refname) %(objectname) %(*objectname) [1ms]
2024-11-14 12:25:41.938 [info] > git status -z -uall [10ms]
2024-11-14 12:25:43.405 [info] > git show --textconv :sjtu_drone_bringup/resource/sjtu_drone_bringup [7ms]
2024-11-14 12:25:43.406 [info] > git ls-files --stage -- /root/ros2_ws/src/sjtu_drone/sjtu_drone_bringup/resource/sjtu_drone_bringup [2ms]
2024-11-14 12:25:43.411 [info] > git cat-file -s e69de29bb2d1d6434b8b29ae775ad8c2e48c5391 [2ms]
2024-11-14 12:25:46.956 [info] > git config --get commit.template [5ms]
2024-11-14 12:25:46.956 [info] > git for-each-ref --format=%(refname)%00%(upstream:short)%00%(objectname)%00%(upstream:track)%00%(upstream:remotename)%00%(upstream:remoteref) refs/heads/ros2 refs/remotes/ros2 [1ms]
2024-11-14 12:25:46.961 [warning] [Git][revParse] Unable to read file: ENOENT: no such file or directory, open '/root/ros2_ws/src/sjtu_drone/.git/refs/remotes/origin/ros2'
2024-11-14 12:25:46.962 [info] > git rev-parse refs/remotes/origin/ros2 [2ms]
2024-11-14 12:25:46.972 [info] > git for-each-ref --sort -committerdate --format %(refname) %(objectname) %(*objectname) [2ms]
2024-11-14 12:25:46.980 [info] > git status -z -uall [14ms]
2024-11-14 12:25:48.806 [info] > git check-ignore -v -z --stdin [2ms]
2024-11-14 12:25:50.351 [info] > git show --textconv :sjtu_drone_bringup/rviz/rviz.rviz [7ms]
2024-11-14 12:25:50.352 [info] > git ls-files --stage -- /root/ros2_ws/src/sjtu_drone/sjtu_drone_bringup/rviz/rviz.rviz [2ms]
2024-11-14 12:25:50.357 [info] > git cat-file -s d76c46f3c0ed11139244fbe48ecbd8a25d83a41a [2ms]
2024-11-14 12:25:52.003 [info] > git config --get commit.template [10ms]
2024-11-14 12:25:52.004 [info] > git for-each-ref --format=%(refname)%00%(upstream:short)%00%(objectname)%00%(upstream:track)%00%(upstream:remotename)%00%(upstream:remoteref) refs/heads/ros2 refs/remotes/ros2 [3ms]
2024-11-14 12:25:52.010 [warning] [Git][revParse] Unable to read file: ENOENT: no such file or directory, open '/root/ros2_ws/src/sjtu_drone/.git/refs/remotes/origin/ros2'
2024-11-14 12:25:52.013 [info] > git rev-parse refs/remotes/origin/ros2 [3ms]
2024-11-14 12:25:52.024 [info] > git for-each-ref --sort -committerdate --format %(refname) %(objectname) %(*objectname) [2ms]
2024-11-14 12:25:52.032 [info] > git status -z -uall [15ms]
2024-11-14 12:25:53.529 [info] > git check-ignore -v -z --stdin [2ms]
2024-11-14 12:25:57.049 [info] > git config --get commit.template [4ms]
2024-11-14 12:25:57.050 [info] > git for-each-ref --format=%(refname)%00%(upstream:short)%00%(objectname)%00%(upstream:track)%00%(upstream:remotename)%00%(upstream:remoteref) refs/heads/ros2 refs/remotes/ros2 [1ms]
2024-11-14 12:25:57.053 [warning] [Git][revParse] Unable to read file: ENOENT: no such file or directory, open '/root/ros2_ws/src/sjtu_drone/.git/refs/remotes/origin/ros2'
2024-11-14 12:25:57.054 [info] > git rev-parse refs/remotes/origin/ros2 [2ms]
2024-11-14 12:25:57.062 [info] > git for-each-ref --sort -committerdate --format %(refname) %(objectname) %(*objectname) [2ms]
2024-11-14 12:25:57.070 [info] > git status -z -uall [12ms]
2024-11-14 12:26:02.084 [info] > git config --get commit.template [4ms]
2024-11-14 12:26:02.085 [info] > git for-each-ref --format=%(refname)%00%(upstream:short)%00%(objectname)%00%(upstream:track)%00%(upstream:remotename)%00%(upstream:remoteref) refs/heads/ros2 refs/remotes/ros2 [1ms]
2024-11-14 12:26:02.087 [warning] [Git][revParse] Unable to read file: ENOENT: no such file or directory, open '/root/ros2_ws/src/sjtu_drone/.git/refs/remotes/origin/ros2'
2024-11-14 12:26:02.088 [info] > git rev-parse refs/remotes/origin/ros2 [1ms]
2024-11-14 12:26:02.095 [info] > git for-each-ref --sort -committerdate --format %(refname) %(objectname) %(*objectname) [1ms]
2024-11-14 12:26:02.103 [info] > git status -z -uall [12ms]
2024-11-14 12:26:03.589 [info] > git show --textconv :sjtu_drone_bringup/resource/sjtu_drone_bringup [6ms]
2024-11-14 12:26:03.590 [info] > git ls-files --stage -- /root/ros2_ws/src/sjtu_drone/sjtu_drone_bringup/resource/sjtu_drone_bringup [2ms]
2024-11-14 12:26:03.596 [info] > git cat-file -s e69de29bb2d1d6434b8b29ae775ad8c2e48c5391 [2ms]
2024-11-14 12:26:05.456 [info] > git show --textconv :sjtu_drone_bringup/launch/sjtu_drone_bringup.launch.py [5ms]
2024-11-14 12:26:05.457 [info] > git ls-files --stage -- /root/ros2_ws/src/sjtu_drone/sjtu_drone_bringup/launch/sjtu_drone_bringup.launch.py [2ms]
2024-11-14 12:26:05.462 [info] > git cat-file -s 78b1cea93489529ccf273b0060201ef7641cb6ef [1ms]
2024-11-14 12:26:07.118 [info] > git config --get commit.template [2ms]
2024-11-14 12:26:07.124 [info] > git for-each-ref --format=%(refname)%00%(upstream:short)%00%(objectname)%00%(upstream:track)%00%(upstream:remotename)%00%(upstream:remoteref) refs/heads/ros2 refs/remotes/ros2 [2ms]
2024-11-14 12:26:07.127 [warning] [Git][revParse] Unable to read file: ENOENT: no such file or directory, open '/root/ros2_ws/src/sjtu_drone/.git/refs/remotes/origin/ros2'
2024-11-14 12:26:07.128 [info] > git rev-parse refs/remotes/origin/ros2 [1ms]
2024-11-14 12:26:07.135 [info] > git for-each-ref --sort -committerdate --format %(refname) %(objectname) %(*objectname) [2ms]
2024-11-14 12:26:07.143 [info] > git status -z -uall [12ms]
2024-11-14 12:26:12.162 [info] > git config --get commit.template [6ms]
2024-11-14 12:26:12.164 [info] > git for-each-ref --format=%(refname)%00%(upstream:short)%00%(objectname)%00%(upstream:track)%00%(upstream:remotename)%00%(upstream:remoteref) refs/heads/ros2 refs/remotes/ros2 [1ms]
2024-11-14 12:26:12.167 [warning] [Git][revParse] Unable to read file: ENOENT: no such file or directory, open '/root/ros2_ws/src/sjtu_drone/.git/refs/remotes/origin/ros2'
2024-11-14 12:26:12.169 [info] > git rev-parse refs/remotes/origin/ros2 [2ms]
2024-11-14 12:26:12.177 [info] > git for-each-ref --sort -committerdate --format %(refname) %(objectname) %(*objectname) [1ms]
2024-11-14 12:26:12.184 [info] > git status -z -uall [12ms]
2024-11-14 12:26:15.627 [info] > git show --textconv :sjtu_drone_bringup/scripts/reset_sim.sh [8ms]
2024-11-14 12:26:15.629 [info] > git ls-files --stage -- /root/ros2_ws/src/sjtu_drone/sjtu_drone_bringup/scripts/reset_sim.sh [3ms]
2024-11-14 12:26:15.635 [info] > git cat-file -s b376e0488f6be6665482f9ec55622c4438db2b29 [2ms]
2024-11-14 12:26:17.195 [info] > git config --get commit.template [4ms]
2024-11-14 12:26:17.196 [info] > git for-each-ref --format=%(refname)%00%(upstream:short)%00%(objectname)%00%(upstream:track)%00%(upstream:remotename)%00%(upstream:remoteref) refs/heads/ros2 refs/remotes/ros2 [1ms]
2024-11-14 12:26:17.200 [warning] [Git][revParse] Unable to read file: ENOENT: no such file or directory, open '/root/ros2_ws/src/sjtu_drone/.git/refs/remotes/origin/ros2'
2024-11-14 12:26:17.201 [info] > git rev-parse refs/remotes/origin/ros2 [1ms]
2024-11-14 12:26:17.207 [info] > git for-each-ref --sort -committerdate --format %(refname) %(objectname) %(*objectname) [2ms]
2024-11-14 12:26:17.214 [info] > git status -z -uall [11ms]
2024-11-14 12:26:23.184 [info] > git show --textconv :sjtu_drone_bringup/launch/sjtu_drone_bringup.launch.py [5ms]
2024-11-14 12:26:23.187 [info] > git ls-files --stage -- /root/ros2_ws/src/sjtu_drone/sjtu_drone_bringup/launch/sjtu_drone_bringup.launch.py [3ms]
2024-11-14 12:26:23.194 [info] > git cat-file -s 78b1cea93489529ccf273b0060201ef7641cb6ef [2ms]
2024-11-14 12:26:24.364 [info] > git config --get commit.template [4ms]
2024-11-14 12:26:24.365 [info] > git for-each-ref --format=%(refname)%00%(upstream:short)%00%(objectname)%00%(upstream:track)%00%(upstream:remotename)%00%(upstream:remoteref) refs/heads/ros2 refs/remotes/ros2 [2ms]
2024-11-14 12:26:24.368 [warning] [Git][revParse] Unable to read file: ENOENT: no such file or directory, open '/root/ros2_ws/src/sjtu_drone/.git/refs/remotes/origin/ros2'
2024-11-14 12:26:24.370 [info] > git rev-parse refs/remotes/origin/ros2 [2ms]
2024-11-14 12:26:24.375 [info] > git for-each-ref --sort -committerdate --format %(refname) %(objectname) %(*objectname) [1ms]
2024-11-14 12:26:24.383 [info] > git status -z -uall [11ms]
2024-11-14 12:26:26.995 [info] > git check-ignore -v -z --stdin [3ms]
2024-11-14 12:26:28.537 [info] > git show --textconv :sjtu_drone_bringup/sjtu_drone_bringup/__init__.py [5ms]
2024-11-14 12:26:28.538 [info] > git ls-files --stage -- /root/ros2_ws/src/sjtu_drone/sjtu_drone_bringup/sjtu_drone_bringup/__init__.py [1ms]
2024-11-14 12:26:28.543 [info] > git cat-file -s e69de29bb2d1d6434b8b29ae775ad8c2e48c5391 [1ms]
2024-11-14 12:26:29.396 [info] > git config --get commit.template [6ms]
2024-11-14 12:26:29.397 [info] > git for-each-ref --format=%(refname)%00%(upstream:short)%00%(objectname)%00%(upstream:track)%00%(upstream:remotename)%00%(upstream:remoteref) refs/heads/ros2 refs/remotes/ros2 [1ms]
2024-11-14 12:26:29.402 [warning] [Git][revParse] Unable to read file: ENOENT: no such file or directory, open '/root/ros2_ws/src/sjtu_drone/.git/refs/remotes/origin/ros2'
2024-11-14 12:26:29.403 [info] > git rev-parse refs/remotes/origin/ros2 [1ms]
2024-11-14 12:26:29.414 [info] > git for-each-ref --sort -committerdate --format %(refname) %(objectname) %(*objectname) [2ms]
2024-11-14 12:26:29.424 [info] > git status -z -uall [17ms]
2024-11-14 12:26:31.827 [info] > git show --textconv :sjtu_drone_bringup/sjtu_drone_bringup/spawn_drone.py [6ms]
2024-11-14 12:26:31.828 [info] > git ls-files --stage -- /root/ros2_ws/src/sjtu_drone/sjtu_drone_bringup/sjtu_drone_bringup/spawn_drone.py [2ms]
2024-11-14 12:26:31.832 [info] > git cat-file -s b46ec544e617b39e95c62e2f38c8295384c8e0da [2ms]
2024-11-14 12:27:00.551 [info] > git config --get commit.template [8ms]
2024-11-14 12:27:00.552 [info] > git for-each-ref --format=%(refname)%00%(upstream:short)%00%(objectname)%00%(upstream:track)%00%(upstream:remotename)%00%(upstream:remoteref) refs/heads/ros2 refs/remotes/ros2 [2ms]
2024-11-14 12:27:00.556 [warning] [Git][revParse] Unable to read file: ENOENT: no such file or directory, open '/root/ros2_ws/src/sjtu_drone/.git/refs/remotes/origin/ros2'
2024-11-14 12:27:00.558 [info] > git rev-parse refs/remotes/origin/ros2 [2ms]
2024-11-14 12:27:00.567 [info] > git for-each-ref --sort -committerdate --format %(refname) %(objectname) %(*objectname) [2ms]
2024-11-14 12:27:00.574 [info] > git status -z -uall [12ms]
2024-11-14 12:27:11.739 [info] > git check-ignore -v -z --stdin [2ms]
2024-11-14 12:27:12.608 [info] > git config --get commit.template [5ms]
2024-11-14 12:27:12.609 [info] > git for-each-ref --format=%(refname)%00%(upstream:short)%00%(objectname)%00%(upstream:track)%00%(upstream:remotename)%00%(upstream:remoteref) refs/heads/ros2 refs/remotes/ros2 [2ms]
2024-11-14 12:27:12.612 [warning] [Git][revParse] Unable to read file: ENOENT: no such file or directory, open '/root/ros2_ws/src/sjtu_drone/.git/refs/remotes/origin/ros2'
2024-11-14 12:27:12.613 [info] > git rev-parse refs/remotes/origin/ros2 [1ms]
2024-11-14 12:27:12.618 [info] > git for-each-ref --sort -committerdate --format %(refname) %(objectname) %(*objectname) [1ms]
2024-11-14 12:27:12.629 [info] > git status -z -uall [14ms]
2024-11-14 12:27:13.836 [info] > git show --textconv :sjtu_drone_bringup/test/test_copyright.py [8ms]
2024-11-14 12:27:13.837 [info] > git ls-files --stage -- /root/ros2_ws/src/sjtu_drone/sjtu_drone_bringup/test/test_copyright.py [2ms]
2024-11-14 12:27:13.844 [info] > git cat-file -s 1a88f47ebddd2c4f7924dddab3c55191d3cc190a [2ms]
2024-11-14 12:27:15.591 [info] > git show --textconv :sjtu_drone_bringup/test/test_flake8.py [4ms]
2024-11-14 12:27:15.592 [info] > git ls-files --stage -- /root/ros2_ws/src/sjtu_drone/sjtu_drone_bringup/test/test_flake8.py [1ms]
2024-11-14 12:27:15.596 [info] > git cat-file -s 5a0ed715a01d34d93baa45ff5c755d0a52b83e11 [2ms]
2024-11-14 12:27:19.315 [info] > git show --textconv :sjtu_drone_bringup/test/test_pep257.py [6ms]
2024-11-14 12:27:19.316 [info] > git ls-files --stage -- /root/ros2_ws/src/sjtu_drone/sjtu_drone_bringup/test/test_pep257.py [2ms]
2024-11-14 12:27:19.323 [info] > git cat-file -s 9e6230b27c72b448a05adbdbf8e117e41cb7ba6d [2ms]
2024-11-14 12:27:27.563 [info] > git config --get commit.template [4ms]
2024-11-14 12:27:27.564 [info] > git for-each-ref --format=%(refname)%00%(upstream:short)%00%(objectname)%00%(upstream:track)%00%(upstream:remotename)%00%(upstream:remoteref) refs/heads/ros2 refs/remotes/ros2 [2ms]
2024-11-14 12:27:27.566 [warning] [Git][revParse] Unable to read file: ENOENT: no such file or directory, open '/root/ros2_ws/src/sjtu_drone/.git/refs/remotes/origin/ros2'
2024-11-14 12:27:27.567 [info] > git rev-parse refs/remotes/origin/ros2 [1ms]
2024-11-14 12:27:27.574 [info] > git for-each-ref --sort -committerdate --format %(refname) %(objectname) %(*objectname) [1ms]
2024-11-14 12:27:27.580 [info] > git status -z -uall [11ms]
2024-11-14 12:27:28.031 [info] > git show --textconv :sjtu_drone_bringup/sjtu_drone_bringup/spawn_drone.py [7ms]
2024-11-14 12:27:28.033 [info] > git ls-files --stage -- /root/ros2_ws/src/sjtu_drone/sjtu_drone_bringup/sjtu_drone_bringup/spawn_drone.py [2ms]
2024-11-14 12:27:28.039 [info] > git cat-file -s b46ec544e617b39e95c62e2f38c8295384c8e0da [2ms]
2024-11-14 12:27:32.298 [info] > git show --textconv :sjtu_drone_bringup/setup.py [4ms]
2024-11-14 12:27:32.300 [info] > git ls-files --stage -- /root/ros2_ws/src/sjtu_drone/sjtu_drone_bringup/setup.py [2ms]
2024-11-14 12:27:32.305 [info] > git cat-file -s aacb3d290ad867ada309c8f328911fa3453318a5 [2ms]
2024-11-14 12:27:33.585 [info] > git config --get commit.template [2ms]
2024-11-14 12:27:33.590 [info] > git for-each-ref --format=%(refname)%00%(upstream:short)%00%(objectname)%00%(upstream:track)%00%(upstream:remotename)%00%(upstream:remoteref) refs/heads/ros2 refs/remotes/ros2 [1ms]
2024-11-14 12:27:33.593 [warning] [Git][revParse] Unable to read file: ENOENT: no such file or directory, open '/root/ros2_ws/src/sjtu_drone/.git/refs/remotes/origin/ros2'
2024-11-14 12:27:33.594 [info] > git rev-parse refs/remotes/origin/ros2 [1ms]
2024-11-14 12:27:33.599 [info] > git for-each-ref --sort -committerdate --format %(refname) %(objectname) %(*objectname) [1ms]
2024-11-14 12:27:33.609 [info] > git status -z -uall [13ms]
2024-11-14 12:28:00.546 [info] > git config --get commit.template [6ms]
2024-11-14 12:28:00.547 [info] > git for-each-ref --format=%(refname)%00%(upstream:short)%00%(objectname)%00%(upstream:track)%00%(upstream:remotename)%00%(upstream:remoteref) refs/heads/ros2 refs/remotes/ros2 [2ms]
2024-11-14 12:28:00.550 [warning] [Git][revParse] Unable to read file: ENOENT: no such file or directory, open '/root/ros2_ws/src/sjtu_drone/.git/refs/remotes/origin/ros2'
2024-11-14 12:28:00.552 [info] > git rev-parse refs/remotes/origin/ros2 [2ms]
2024-11-14 12:28:00.558 [info] > git for-each-ref --sort -committerdate --format %(refname) %(objectname) %(*objectname) [1ms]
2024-11-14 12:28:00.565 [info] > git status -z -uall [11ms]
2024-11-14 12:29:00.472 [info] > git config --get commit.template [4ms]
2024-11-14 12:29:00.472 [info] > git for-each-ref --format=%(refname)%00%(upstream:short)%00%(objectname)%00%(upstream:track)%00%(upstream:remotename)%00%(upstream:remoteref) refs/heads/ros2 refs/remotes/ros2 [1ms]
2024-11-14 12:29:00.475 [warning] [Git][revParse] Unable to read file: ENOENT: no such file or directory, open '/root/ros2_ws/src/sjtu_drone/.git/refs/remotes/origin/ros2'
2024-11-14 12:29:00.476 [info] > git rev-parse refs/remotes/origin/ros2 [1ms]
2024-11-14 12:29:00.482 [info] > git for-each-ref --sort -committerdate --format %(refname) %(objectname) %(*objectname) [1ms]
2024-11-14 12:29:00.489 [info] > git status -z -uall [10ms]
2024-11-14 12:29:12.946 [info] > git config --get commit.template [4ms]
2024-11-14 12:29:12.948 [info] > git for-each-ref --format=%(refname)%00%(upstream:short)%00%(objectname)%00%(upstream:track)%00%(upstream:remotename)%00%(upstream:remoteref) refs/heads/ros2 refs/remotes/ros2 [2ms]
2024-11-14 12:29:12.951 [warning] [Git][revParse] Unable to read file: ENOENT: no such file or directory, open '/root/ros2_ws/src/sjtu_drone/.git/refs/remotes/origin/ros2'
2024-11-14 12:29:12.952 [info] > git rev-parse refs/remotes/origin/ros2 [1ms]
2024-11-14 12:29:12.959 [info] > git for-each-ref --sort -committerdate --format %(refname) %(objectname) %(*objectname) [2ms]
2024-11-14 12:29:12.966 [info] > git status -z -uall [11ms]
2024-11-14 12:29:22.981 [info] > git config --get commit.template [6ms]
2024-11-14 12:29:22.982 [info] > git for-each-ref --format=%(refname)%00%(upstream:short)%00%(objectname)%00%(upstream:track)%00%(upstream:remotename)%00%(upstream:remoteref) refs/heads/ros2 refs/remotes/ros2 [2ms]
2024-11-14 12:29:22.986 [warning] [Git][revParse] Unable to read file: ENOENT: no such file or directory, open '/root/ros2_ws/src/sjtu_drone/.git/refs/remotes/origin/ros2'
2024-11-14 12:29:22.988 [info] > git rev-parse refs/remotes/origin/ros2 [2ms]
2024-11-14 12:29:22.994 [info] > git for-each-ref --sort -committerdate --format %(refname) %(objectname) %(*objectname) [2ms]
2024-11-14 12:29:23.001 [info] > git status -z -uall [11ms]
2024-11-14 12:29:27.164 [info] > git show --textconv :sjtu_drone_bringup/launch/sjtu_drone_bringup.launch.py [6ms]
2024-11-14 12:29:27.166 [info] > git ls-files --stage -- /root/ros2_ws/src/sjtu_drone/sjtu_drone_bringup/launch/sjtu_drone_bringup.launch.py [2ms]
2024-11-14 12:29:27.185 [info] > git cat-file -s 78b1cea93489529ccf273b0060201ef7641cb6ef [1ms]
2024-11-14 12:30:00.554 [info] > git config --get commit.template [6ms]
2024-11-14 12:30:00.555 [info] > git for-each-ref --format=%(refname)%00%(upstream:short)%00%(objectname)%00%(upstream:track)%00%(upstream:remotename)%00%(upstream:remoteref) refs/heads/ros2 refs/remotes/ros2 [2ms]
2024-11-14 12:30:00.559 [warning] [Git][revParse] Unable to read file: ENOENT: no such file or directory, open '/root/ros2_ws/src/sjtu_drone/.git/refs/remotes/origin/ros2'
2024-11-14 12:30:00.560 [info] > git rev-parse refs/remotes/origin/ros2 [1ms]
2024-11-14 12:30:00.567 [info] > git for-each-ref --sort -committerdate --format %(refname) %(objectname) %(*objectname) [1ms]
2024-11-14 12:30:00.573 [info] > git status -z -uall [10ms]
2024-11-14 12:30:28.210 [info] > git check-ignore -v -z --stdin [2ms]
2024-11-14 12:30:29.082 [info] > git config --get commit.template [5ms]
2024-11-14 12:30:29.083 [info] > git for-each-ref --format=%(refname)%00%(upstream:short)%00%(objectname)%00%(upstream:track)%00%(upstream:remotename)%00%(upstream:remoteref) refs/heads/ros2 refs/remotes/ros2 [2ms]
2024-11-14 12:30:29.086 [warning] [Git][revParse] Unable to read file: ENOENT: no such file or directory, open '/root/ros2_ws/src/sjtu_drone/.git/refs/remotes/origin/ros2'
2024-11-14 12:30:29.087 [info] > git rev-parse refs/remotes/origin/ros2 [1ms]
2024-11-14 12:30:29.093 [info] > git for-each-ref --sort -committerdate --format %(refname) %(objectname) %(*objectname) [1ms]
2024-11-14 12:30:29.101 [info] > git status -z -uall [12ms]
2024-11-14 12:31:00.565 [info] > git config --get commit.template [4ms]
2024-11-14 12:31:00.566 [info] > git for-each-ref --format=%(refname)%00%(upstream:short)%00%(objectname)%00%(upstream:track)%00%(upstream:remotename)%00%(upstream:remoteref) refs/heads/ros2 refs/remotes/ros2 [2ms]
2024-11-14 12:31:00.569 [warning] [Git][revParse] Unable to read file: ENOENT: no such file or directory, open '/root/ros2_ws/src/sjtu_drone/.git/refs/remotes/origin/ros2'
2024-11-14 12:31:00.571 [info] > git rev-parse refs/remotes/origin/ros2 [2ms]
2024-11-14 12:31:00.578 [info] > git for-each-ref --sort -committerdate --format %(refname) %(objectname) %(*objectname) [2ms]
2024-11-14 12:31:00.585 [info] > git status -z -uall [12ms]
2024-11-14 12:31:51.761 [info] > git check-ignore -v -z --stdin [2ms]
2024-11-14 12:31:52.598 [info] > git config --get commit.template [5ms]
2024-11-14 12:31:52.599 [info] > git for-each-ref --format=%(refname)%00%(upstream:short)%00%(objectname)%00%(upstream:track)%00%(upstream:remotename)%00%(upstream:remoteref) refs/heads/ros2 refs/remotes/ros2 [2ms]
2024-11-14 12:31:52.603 [warning] [Git][revParse] Unable to read file: ENOENT: no such file or directory, open '/root/ros2_ws/src/sjtu_drone/.git/refs/remotes/origin/ros2'
2024-11-14 12:31:52.604 [info] > git rev-parse refs/remotes/origin/ros2 [1ms]
2024-11-14 12:31:52.611 [info] > git for-each-ref --sort -committerdate --format %(refname) %(objectname) %(*objectname) [2ms]
2024-11-14 12:31:52.617 [info] > git status -z -uall [11ms]
2024-11-14 12:31:53.234 [info] > git show --textconv :sjtu_drone_control/resource/sjtu_drone_control [4ms]
2024-11-14 12:31:53.235 [info] > git ls-files --stage -- /root/ros2_ws/src/sjtu_drone/sjtu_drone_control/resource/sjtu_drone_control [2ms]
2024-11-14 12:31:53.238 [info] > git cat-file -s e69de29bb2d1d6434b8b29ae775ad8c2e48c5391 [1ms]
2024-11-14 12:31:57.634 [info] > git config --get commit.template [5ms]
2024-11-14 12:31:57.636 [info] > git for-each-ref --format=%(refname)%00%(upstream:short)%00%(objectname)%00%(upstream:track)%00%(upstream:remotename)%00%(upstream:remoteref) refs/heads/ros2 refs/remotes/ros2 [1ms]
2024-11-14 12:31:57.638 [warning] [Git][revParse] Unable to read file: ENOENT: no such file or directory, open '/root/ros2_ws/src/sjtu_drone/.git/refs/remotes/origin/ros2'
2024-11-14 12:31:57.640 [info] > git rev-parse refs/remotes/origin/ros2 [2ms]
2024-11-14 12:31:57.646 [info] > git for-each-ref --sort -committerdate --format %(refname) %(objectname) %(*objectname) [2ms]
2024-11-14 12:31:57.655 [info] > git status -z -uall [13ms]
2024-11-14 12:32:02.674 [info] > git config --get commit.template [5ms]
2024-11-14 12:32:02.675 [info] > git for-each-ref --format=%(refname)%00%(upstream:short)%00%(objectname)%00%(upstream:track)%00%(upstream:remotename)%00%(upstream:remoteref) refs/heads/ros2 refs/remotes/ros2 [2ms]
2024-11-14 12:32:02.679 [warning] [Git][revParse] Unable to read file: ENOENT: no such file or directory, open '/root/ros2_ws/src/sjtu_drone/.git/refs/remotes/origin/ros2'
2024-11-14 12:32:02.681 [info] > git rev-parse refs/remotes/origin/ros2 [2ms]
2024-11-14 12:32:02.688 [info] > git for-each-ref --sort -committerdate --format %(refname) %(objectname) %(*objectname) [2ms]
2024-11-14 12:32:02.698 [info] > git status -z -uall [14ms]
2024-11-14 12:32:03.838 [info] > git show --textconv :sjtu_drone_bringup/launch/sjtu_drone_bringup.launch.py [7ms]
2024-11-14 12:32:03.840 [info] > git ls-files --stage -- /root/ros2_ws/src/sjtu_drone/sjtu_drone_bringup/launch/sjtu_drone_bringup.launch.py [3ms]
2024-11-14 12:32:03.846 [info] > git cat-file -s 78b1cea93489529ccf273b0060201ef7641cb6ef [2ms]
2024-11-14 12:32:07.709 [info] > git config --get commit.template [1ms]
2024-11-14 12:32:07.714 [info] > git for-each-ref --format=%(refname)%00%(upstream:short)%00%(objectname)%00%(upstream:track)%00%(upstream:remotename)%00%(upstream:remoteref) refs/heads/ros2 refs/remotes/ros2 [2ms]
2024-11-14 12:32:07.717 [warning] [Git][revParse] Unable to read file: ENOENT: no such file or directory, open '/root/ros2_ws/src/sjtu_drone/.git/refs/remotes/origin/ros2'
2024-11-14 12:32:07.718 [info] > git rev-parse refs/remotes/origin/ros2 [1ms]
2024-11-14 12:32:07.725 [info] > git for-each-ref --sort -committerdate --format %(refname) %(objectname) %(*objectname) [2ms]
2024-11-14 12:32:07.732 [info] > git status -z -uall [12ms]
2024-11-14 12:32:10.435 [info] > git check-ignore -v -z --stdin [2ms]
2024-11-14 12:32:12.269 [info] > git check-ignore -v -z --stdin [1ms]
2024-11-14 12:32:12.752 [info] > git config --get commit.template [6ms]
2024-11-14 12:32:12.754 [info] > git for-each-ref --format=%(refname)%00%(upstream:short)%00%(objectname)%00%(upstream:track)%00%(upstream:remotename)%00%(upstream:remoteref) refs/heads/ros2 refs/remotes/ros2 [2ms]
2024-11-14 12:32:12.758 [warning] [Git][revParse] Unable to read file: ENOENT: no such file or directory, open '/root/ros2_ws/src/sjtu_drone/.git/refs/remotes/origin/ros2'
2024-11-14 12:32:12.760 [info] > git rev-parse refs/remotes/origin/ros2 [2ms]
2024-11-14 12:32:12.768 [info] > git for-each-ref --sort -committerdate --format %(refname) %(objectname) %(*objectname) [1ms]
2024-11-14 12:32:12.776 [info] > git status -z -uall [13ms]
2024-11-14 12:32:17.795 [info] > git config --get commit.template [8ms]
2024-11-14 12:32:17.796 [info] > git for-each-ref --format=%(refname)%00%(upstream:short)%00%(objectname)%00%(upstream:track)%00%(upstream:remotename)%00%(upstream:remoteref) refs/heads/ros2 refs/remotes/ros2 [2ms]
2024-11-14 12:32:17.802 [warning] [Git][revParse] Unable to read file: ENOENT: no such file or directory, open '/root/ros2_ws/src/sjtu_drone/.git/refs/remotes/origin/ros2'
2024-11-14 12:32:17.804 [info] > git rev-parse refs/remotes/origin/ros2 [1ms]
2024-11-14 12:32:17.814 [info] > git for-each-ref --sort -committerdate --format %(refname) %(objectname) %(*objectname) [1ms]
2024-11-14 12:32:17.820 [info] > git status -z -uall [12ms]
2024-11-14 12:32:17.912 [info] > git show --textconv :sjtu_drone_control/sjtu_drone_control/drone_utils/__init__.py [7ms]
2024-11-14 12:32:17.914 [info] > git ls-files --stage -- /root/ros2_ws/src/sjtu_drone/sjtu_drone_control/sjtu_drone_control/drone_utils/__init__.py [2ms]
2024-11-14 12:32:17.921 [info] > git cat-file -s e69de29bb2d1d6434b8b29ae775ad8c2e48c5391 [2ms]
2024-11-14 12:32:19.320 [info] > git show --textconv :sjtu_drone_control/sjtu_drone_control/drone_utils/controllers.py [7ms]
2024-11-14 12:32:19.321 [info] > git ls-files --stage -- /root/ros2_ws/src/sjtu_drone/sjtu_drone_control/sjtu_drone_control/drone_utils/controllers.py [2ms]
2024-11-14 12:32:19.327 [info] > git cat-file -s 821e33c7a6fe633f92e16afdf443df77a1354339 [1ms]
2024-11-14 12:33:00.561 [info] > git config --get commit.template [5ms]
2024-11-14 12:33:00.563 [info] > git for-each-ref --format=%(refname)%00%(upstream:short)%00%(objectname)%00%(upstream:track)%00%(upstream:remotename)%00%(upstream:remoteref) refs/heads/ros2 refs/remotes/ros2 [3ms]
2024-11-14 12:33:00.567 [warning] [Git][revParse] Unable to read file: ENOENT: no such file or directory, open '/root/ros2_ws/src/sjtu_drone/.git/refs/remotes/origin/ros2'
2024-11-14 12:33:00.569 [info] > git rev-parse refs/remotes/origin/ros2 [1ms]
2024-11-14 12:33:00.577 [info] > git for-each-ref --sort -committerdate --format %(refname) %(objectname) %(*objectname) [1ms]
2024-11-14 12:33:00.584 [info] > git status -z -uall [12ms]
2024-11-14 12:33:45.528 [info] > git show --textconv :sjtu_drone_control/sjtu_drone_control/drone_utils/drone_object.py [10ms]
2024-11-14 12:33:45.530 [info] > git ls-files --stage -- /root/ros2_ws/src/sjtu_drone/sjtu_drone_control/sjtu_drone_control/drone_utils/drone_object.py [4ms]
2024-11-14 12:33:45.539 [info] > git cat-file -s fa1f7c0a73728e8bb4955f3e58d3d94afb8cd51d [3ms]
2024-11-14 12:33:58.365 [info] > git config --get commit.template [6ms]
2024-11-14 12:33:58.366 [info] > git for-each-ref --format=%(refname)%00%(upstream:short)%00%(objectname)%00%(upstream:track)%00%(upstream:remotename)%00%(upstream:remoteref) refs/heads/ros2 refs/remotes/ros2 [2ms]
2024-11-14 12:33:58.369 [warning] [Git][revParse] Unable to read file: ENOENT: no such file or directory, open '/root/ros2_ws/src/sjtu_drone/.git/refs/remotes/origin/ros2'
2024-11-14 12:33:58.370 [info] > git rev-parse refs/remotes/origin/ros2 [1ms]
2024-11-14 12:33:58.378 [info] > git for-each-ref --sort -committerdate --format %(refname) %(objectname) %(*objectname) [2ms]
2024-11-14 12:33:58.385 [info] > git status -z -uall [12ms]
2024-11-14 12:34:03.405 [info] > git config --get commit.template [7ms]
2024-11-14 12:34:03.406 [info] > git for-each-ref --format=%(refname)%00%(upstream:short)%00%(objectname)%00%(upstream:track)%00%(upstream:remotename)%00%(upstream:remoteref) refs/heads/ros2 refs/remotes/ros2 [2ms]
2024-11-14 12:34:03.409 [warning] [Git][revParse] Unable to read file: ENOENT: no such file or directory, open '/root/ros2_ws/src/sjtu_drone/.git/refs/remotes/origin/ros2'
2024-11-14 12:34:03.410 [info] > git rev-parse refs/remotes/origin/ros2 [1ms]
2024-11-14 12:34:03.417 [info] > git for-each-ref --sort -committerdate --format %(refname) %(objectname) %(*objectname) [1ms]
2024-11-14 12:34:03.424 [info] > git status -z -uall [11ms]
2024-11-14 12:34:23.308 [info] > git config --get commit.template [5ms]
2024-11-14 12:34:23.309 [info] > git for-each-ref --format=%(refname)%00%(upstream:short)%00%(objectname)%00%(upstream:track)%00%(upstream:remotename)%00%(upstream:remoteref) refs/heads/ros2 refs/remotes/ros2 [2ms]
2024-11-14 12:34:23.324 [warning] [Git][revParse] Unable to read file: ENOENT: no such file or directory, open '/root/ros2_ws/src/sjtu_drone/.git/refs/remotes/origin/ros2'
2024-11-14 12:34:23.326 [info] > git rev-parse refs/remotes/origin/ros2 [3ms]
2024-11-14 12:34:23.335 [info] > git for-each-ref --sort -committerdate --format %(refname) %(objectname) %(*objectname) [2ms]
2024-11-14 12:34:23.345 [info] > git status -z -uall [15ms]
2024-11-14 12:35:00.551 [info] > git config --get commit.template [5ms]
2024-11-14 12:35:00.552 [info] > git for-each-ref --format=%(refname)%00%(upstream:short)%00%(objectname)%00%(upstream:track)%00%(upstream:remotename)%00%(upstream:remoteref) refs/heads/ros2 refs/remotes/ros2 [2ms]
2024-11-14 12:35:00.556 [warning] [Git][revParse] Unable to read file: ENOENT: no such file or directory, open '/root/ros2_ws/src/sjtu_drone/.git/refs/remotes/origin/ros2'
2024-11-14 12:35:00.558 [info] > git rev-parse refs/remotes/origin/ros2 [2ms]
2024-11-14 12:35:00.569 [info] > git for-each-ref --sort -committerdate --format %(refname) %(objectname) %(*objectname) [2ms]
2024-11-14 12:35:00.593 [info] > git status -z -uall [32ms]
2024-11-14 12:36:00.552 [info] > git config --get commit.template [5ms]
2024-11-14 12:36:00.553 [info] > git for-each-ref --format=%(refname)%00%(upstream:short)%00%(objectname)%00%(upstream:track)%00%(upstream:remotename)%00%(upstream:remoteref) refs/heads/ros2 refs/remotes/ros2 [2ms]
2024-11-14 12:36:00.556 [warning] [Git][revParse] Unable to read file: ENOENT: no such file or directory, open '/root/ros2_ws/src/sjtu_drone/.git/refs/remotes/origin/ros2'
2024-11-14 12:36:00.557 [info] > git rev-parse refs/remotes/origin/ros2 [1ms]
2024-11-14 12:36:00.564 [info] > git for-each-ref --sort -committerdate --format %(refname) %(objectname) %(*objectname) [2ms]
2024-11-14 12:36:00.575 [info] > git status -z -uall [15ms]
2024-11-14 12:39:23.323 [info] > git config --get commit.template [15ms]
2024-11-14 12:39:23.333 [info] > git for-each-ref --format=%(refname)%00%(upstream:short)%00%(objectname)%00%(upstream:track)%00%(upstream:remotename)%00%(upstream:remoteref) refs/heads/ros2 refs/remotes/ros2 [19ms]
2024-11-14 12:39:23.337 [warning] [Git][revParse] Unable to read file: ENOENT: no such file or directory, open '/root/ros2_ws/src/sjtu_drone/.git/refs/remotes/origin/ros2'
2024-11-14 12:39:23.339 [info] > git rev-parse refs/remotes/origin/ros2 [3ms]
2024-11-14 12:39:23.350 [info] > git for-each-ref --sort -committerdate --format %(refname) %(objectname) %(*objectname) [4ms]
2024-11-14 12:39:23.401 [info] > git status -z -uall [59ms]
2024-11-14 12:41:00.541 [info] > git config --get commit.template [4ms]
2024-11-14 12:41:00.542 [info] > git for-each-ref --format=%(refname)%00%(upstream:short)%00%(objectname)%00%(upstream:track)%00%(upstream:remotename)%00%(upstream:remoteref) refs/heads/ros2 refs/remotes/ros2 [2ms]
2024-11-14 12:41:00.546 [warning] [Git][revParse] Unable to read file: ENOENT: no such file or directory, open '/root/ros2_ws/src/sjtu_drone/.git/refs/remotes/origin/ros2'
2024-11-14 12:41:00.547 [info] > git rev-parse refs/remotes/origin/ros2 [1ms]
2024-11-14 12:41:00.553 [info] > git for-each-ref --sort -committerdate --format %(refname) %(objectname) %(*objectname) [1ms]
2024-11-14 12:41:00.561 [info] > git status -z -uall [12ms]
2024-11-14 12:41:24.293 [info] > git config --get commit.template [4ms]
2024-11-14 12:41:24.294 [info] > git for-each-ref --format=%(refname)%00%(upstream:short)%00%(objectname)%00%(upstream:track)%00%(upstream:remotename)%00%(upstream:remoteref) refs/heads/ros2 refs/remotes/ros2 [1ms]
2024-11-14 12:41:24.298 [warning] [Git][revParse] Unable to read file: ENOENT: no such file or directory, open '/root/ros2_ws/src/sjtu_drone/.git/refs/remotes/origin/ros2'
2024-11-14 12:41:24.300 [info] > git rev-parse refs/remotes/origin/ros2 [2ms]
2024-11-14 12:41:24.307 [info] > git for-each-ref --sort -committerdate --format %(refname) %(objectname) %(*objectname) [2ms]
2024-11-14 12:41:24.316 [info] > git status -z -uall [12ms]
2024-11-14 12:41:29.326 [info] > git config --get commit.template [4ms]
2024-11-14 12:41:29.327 [info] > git for-each-ref --format=%(refname)%00%(upstream:short)%00%(objectname)%00%(upstream:track)%00%(upstream:remotename)%00%(upstream:remoteref) refs/heads/ros2 refs/remotes/ros2 [2ms]
2024-11-14 12:41:29.330 [warning] [Git][revParse] Unable to read file: ENOENT: no such file or directory, open '/root/ros2_ws/src/sjtu_drone/.git/refs/remotes/origin/ros2'
2024-11-14 12:41:29.332 [info] > git rev-parse refs/remotes/origin/ros2 [2ms]
2024-11-14 12:41:29.339 [info] > git for-each-ref --sort -committerdate --format %(refname) %(objectname) %(*objectname) [2ms]
2024-11-14 12:41:29.349 [info] > git status -z -uall [15ms]
2024-11-14 12:41:34.365 [info] > git config --get commit.template [5ms]
2024-11-14 12:41:34.366 [info] > git for-each-ref --format=%(refname)%00%(upstream:short)%00%(objectname)%00%(upstream:track)%00%(upstream:remotename)%00%(upstream:remoteref) refs/heads/ros2 refs/remotes/ros2 [1ms]
2024-11-14 12:41:34.369 [warning] [Git][revParse] Unable to read file: ENOENT: no such file or directory, open '/root/ros2_ws/src/sjtu_drone/.git/refs/remotes/origin/ros2'
2024-11-14 12:41:34.370 [info] > git rev-parse refs/remotes/origin/ros2 [2ms]
2024-11-14 12:41:34.377 [info] > git for-each-ref --sort -committerdate --format %(refname) %(objectname) %(*objectname) [1ms]
2024-11-14 12:41:34.386 [info] > git status -z -uall [14ms]
2024-11-14 12:41:40.026 [info] > git config --get commit.template [10ms]
2024-11-14 12:41:40.029 [info] > git for-each-ref --format=%(refname)%00%(upstream:short)%00%(objectname)%00%(upstream:track)%00%(upstream:remotename)%00%(upstream:remoteref) refs/heads/ros2 refs/remotes/ros2 [4ms]
2024-11-14 12:41:40.037 [warning] [Git][revParse] Unable to read file: ENOENT: no such file or directory, open '/root/ros2_ws/src/sjtu_drone/.git/refs/remotes/origin/ros2'
2024-11-14 12:41:40.041 [info] > git rev-parse refs/remotes/origin/ros2 [3ms]
2024-11-14 12:41:40.063 [info] > git for-each-ref --sort -committerdate --format %(refname) %(objectname) %(*objectname) [5ms]
2024-11-14 12:41:40.094 [info] > git status -z -uall [46ms]
2024-11-14 12:41:40.965 [info] > git show --textconv :sjtu_drone_control/sjtu_drone_control/drone_utils/drone_object.py [30ms]
2024-11-14 12:41:40.965 [info] > git ls-files --stage -- /root/ros2_ws/src/sjtu_drone/sjtu_drone_control/sjtu_drone_control/drone_utils/drone_object.py [10ms]
2024-11-14 12:41:40.996 [info] > git cat-file -s fa1f7c0a73728e8bb4955f3e58d3d94afb8cd51d [18ms]
2024-11-14 12:41:45.121 [info] > git config --get commit.template [5ms]
2024-11-14 12:41:45.122 [info] > git for-each-ref --format=%(refname)%00%(upstream:short)%00%(objectname)%00%(upstream:track)%00%(upstream:remotename)%00%(upstream:remoteref) refs/heads/ros2 refs/remotes/ros2 [2ms]
2024-11-14 12:41:45.125 [warning] [Git][revParse] Unable to read file: ENOENT: no such file or directory, open '/root/ros2_ws/src/sjtu_drone/.git/refs/remotes/origin/ros2'
2024-11-14 12:41:45.126 [info] > git rev-parse refs/remotes/origin/ros2 [1ms]
2024-11-14 12:41:45.134 [info] > git for-each-ref --sort -committerdate --format %(refname) %(objectname) %(*objectname) [1ms]
2024-11-14 12:41:45.141 [info] > git status -z -uall [11ms]
2024-11-14 12:41:50.161 [info] > git config --get commit.template [5ms]
2024-11-14 12:41:50.163 [info] > git for-each-ref --format=%(refname)%00%(upstream:short)%00%(objectname)%00%(upstream:track)%00%(upstream:remotename)%00%(upstream:remoteref) refs/heads/ros2 refs/remotes/ros2 [2ms]
2024-11-14 12:41:50.166 [warning] [Git][revParse] Unable to read file: ENOENT: no such file or directory, open '/root/ros2_ws/src/sjtu_drone/.git/refs/remotes/origin/ros2'
2024-11-14 12:41:50.168 [info] > git rev-parse refs/remotes/origin/ros2 [2ms]
2024-11-14 12:41:50.175 [info] > git for-each-ref --sort -committerdate --format %(refname) %(objectname) %(*objectname) [1ms]
2024-11-14 12:41:50.182 [info] > git status -z -uall [12ms]
2024-11-14 12:41:58.729 [info] > git rev-parse --show-toplevel [16ms]
2024-11-14 12:41:58.730 [info] fatal: not a git repository (or any of the parent directories): .git
2024-11-14 12:42:00.447 [info] > git config --get commit.template [6ms]
2024-11-14 12:42:00.448 [info] > git for-each-ref --format=%(refname)%00%(upstream:short)%00%(objectname)%00%(upstream:track)%00%(upstream:remotename)%00%(upstream:remoteref) refs/heads/ros2 refs/remotes/ros2 [2ms]
2024-11-14 12:42:00.452 [warning] [Git][revParse] Unable to read file: ENOENT: no such file or directory, open '/root/ros2_ws/src/sjtu_drone/.git/refs/remotes/origin/ros2'
2024-11-14 12:42:00.453 [info] > git rev-parse refs/remotes/origin/ros2 [1ms]
2024-11-14 12:42:00.461 [info] > git for-each-ref --sort -committerdate --format %(refname) %(objectname) %(*objectname) [2ms]
2024-11-14 12:42:00.468 [info] > git status -z -uall [12ms]
2024-11-14 12:42:05.486 [info] > git config --get commit.template [5ms]
2024-11-14 12:42:05.487 [info] > git for-each-ref --format=%(refname)%00%(upstream:short)%00%(objectname)%00%(upstream:track)%00%(upstream:remotename)%00%(upstream:remoteref) refs/heads/ros2 refs/remotes/ros2 [2ms]
2024-11-14 12:42:05.490 [warning] [Git][revParse] Unable to read file: ENOENT: no such file or directory, open '/root/ros2_ws/src/sjtu_drone/.git/refs/remotes/origin/ros2'
2024-11-14 12:42:05.491 [info] > git rev-parse refs/remotes/origin/ros2 [1ms]
2024-11-14 12:42:05.499 [info] > git for-each-ref --sort -committerdate --format %(refname) %(objectname) %(*objectname) [1ms]
2024-11-14 12:42:05.506 [info] > git status -z -uall [11ms]
2024-11-14 12:42:10.526 [info] > git config --get commit.template [5ms]
2024-11-14 12:42:10.527 [info] > git for-each-ref --format=%(refname)%00%(upstream:short)%00%(objectname)%00%(upstream:track)%00%(upstream:remotename)%00%(upstream:remoteref) refs/heads/ros2 refs/remotes/ros2 [2ms]
2024-11-14 12:42:10.531 [warning] [Git][revParse] Unable to read file: ENOENT: no such file or directory, open '/root/ros2_ws/src/sjtu_drone/.git/refs/remotes/origin/ros2'
2024-11-14 12:42:10.532 [info] > git rev-parse refs/remotes/origin/ros2 [1ms]
2024-11-14 12:42:10.540 [info] > git for-each-ref --sort -committerdate --format %(refname) %(objectname) %(*objectname) [1ms]
2024-11-14 12:42:10.547 [info] > git status -z -uall [12ms]
2024-11-14 12:42:18.848 [info] > git config --get commit.template [5ms]
2024-11-14 12:42:18.849 [info] > git for-each-ref --format=%(refname)%00%(upstream:short)%00%(objectname)%00%(upstream:track)%00%(upstream:remotename)%00%(upstream:remoteref) refs/heads/ros2 refs/remotes/ros2 [2ms]
2024-11-14 12:42:18.853 [warning] [Git][revParse] Unable to read file: ENOENT: no such file or directory, open '/root/ros2_ws/src/sjtu_drone/.git/refs/remotes/origin/ros2'
2024-11-14 12:42:18.855 [info] > git rev-parse refs/remotes/origin/ros2 [1ms]
2024-11-14 12:42:18.866 [info] > git for-each-ref --sort -committerdate --format %(refname) %(objectname) %(*objectname) [2ms]
2024-11-14 12:42:18.878 [info] > git status -z -uall [19ms]
2024-11-14 12:42:18.921 [info] > git show --textconv :sjtu_drone_control/sjtu_drone_control/drone_utils/drone_object.py [7ms]
2024-11-14 12:42:18.922 [info] > git ls-files --stage -- /root/ros2_ws/src/sjtu_drone/sjtu_drone_control/sjtu_drone_control/drone_utils/drone_object.py [2ms]
2024-11-14 12:42:18.928 [info] > git cat-file -s fa1f7c0a73728e8bb4955f3e58d3d94afb8cd51d [2ms]
2024-11-14 12:42:23.900 [info] > git config --get commit.template [6ms]
2024-11-14 12:42:23.901 [info] > git for-each-ref --format=%(refname)%00%(upstream:short)%00%(objectname)%00%(upstream:track)%00%(upstream:remotename)%00%(upstream:remoteref) refs/heads/ros2 refs/remotes/ros2 [2ms]
2024-11-14 12:42:23.904 [warning] [Git][revParse] Unable to read file: ENOENT: no such file or directory, open '/root/ros2_ws/src/sjtu_drone/.git/refs/remotes/origin/ros2'
2024-11-14 12:42:23.906 [info] > git rev-parse refs/remotes/origin/ros2 [2ms]
2024-11-14 12:42:23.913 [info] > git for-each-ref --sort -committerdate --format %(refname) %(objectname) %(*objectname) [1ms]
2024-11-14 12:42:23.921 [info] > git status -z -uall [13ms]
2024-11-14 12:43:00.539 [info] > git config --get commit.template [5ms]
2024-11-14 12:43:00.540 [info] > git for-each-ref --format=%(refname)%00%(upstream:short)%00%(objectname)%00%(upstream:track)%00%(upstream:remotename)%00%(upstream:remoteref) refs/heads/ros2 refs/remotes/ros2 [2ms]
2024-11-14 12:43:00.545 [warning] [Git][revParse] Unable to read file: ENOENT: no such file or directory, open '/root/ros2_ws/src/sjtu_drone/.git/refs/remotes/origin/ros2'
2024-11-14 12:43:00.547 [info] > git rev-parse refs/remotes/origin/ros2 [2ms]
2024-11-14 12:43:00.555 [info] > git for-each-ref --sort -committerdate --format %(refname) %(objectname) %(*objectname) [2ms]
2024-11-14 12:43:00.562 [info] > git status -z -uall [11ms]
2024-11-14 12:43:30.791 [info] > git config --get commit.template [5ms]
2024-11-14 12:43:30.792 [info] > git for-each-ref --format=%(refname)%00%(upstream:short)%00%(objectname)%00%(upstream:track)%00%(upstream:remotename)%00%(upstream:remoteref) refs/heads/ros2 refs/remotes/ros2 [1ms]
2024-11-14 12:43:30.795 [warning] [Git][revParse] Unable to read file: ENOENT: no such file or directory, open '/root/ros2_ws/src/sjtu_drone/.git/refs/remotes/origin/ros2'
2024-11-14 12:43:30.797 [info] > git rev-parse refs/remotes/origin/ros2 [2ms]
2024-11-14 12:43:30.803 [info] > git for-each-ref --sort -committerdate --format %(refname) %(objectname) %(*objectname) [1ms]
2024-11-14 12:43:30.811 [info] > git status -z -uall [12ms]
2024-11-14 12:44:00.541 [info] > git config --get commit.template [7ms]
2024-11-14 12:44:00.543 [info] > git for-each-ref --format=%(refname)%00%(upstream:short)%00%(objectname)%00%(upstream:track)%00%(upstream:remotename)%00%(upstream:remoteref) refs/heads/ros2 refs/remotes/ros2 [2ms]
2024-11-14 12:44:00.547 [warning] [Git][revParse] Unable to read file: ENOENT: no such file or directory, open '/root/ros2_ws/src/sjtu_drone/.git/refs/remotes/origin/ros2'
2024-11-14 12:44:00.549 [info] > git rev-parse refs/remotes/origin/ros2 [2ms]
2024-11-14 12:44:00.557 [info] > git for-each-ref --sort -committerdate --format %(refname) %(objectname) %(*objectname) [2ms]
2024-11-14 12:44:00.563 [info] > git status -z -uall [11ms]
2024-11-14 12:44:23.278 [info] > git config --get commit.template [6ms]
2024-11-14 12:44:23.279 [info] > git for-each-ref --format=%(refname)%00%(upstream:short)%00%(objectname)%00%(upstream:track)%00%(upstream:remotename)%00%(upstream:remoteref) refs/heads/ros2 refs/remotes/ros2 [2ms]
2024-11-14 12:44:23.283 [warning] [Git][revParse] Unable to read file: ENOENT: no such file or directory, open '/root/ros2_ws/src/sjtu_drone/.git/refs/remotes/origin/ros2'
2024-11-14 12:44:23.284 [info] > git rev-parse refs/remotes/origin/ros2 [1ms]
2024-11-14 12:44:23.292 [info] > git for-each-ref --sort -committerdate --format %(refname) %(objectname) %(*objectname) [2ms]
2024-11-14 12:44:23.298 [info] > git status -z -uall [11ms]
2024-11-14 12:45:00.531 [info] > git config --get commit.template [7ms]
2024-11-14 12:45:00.533 [info] > git for-each-ref --format=%(refname)%00%(upstream:short)%00%(objectname)%00%(upstream:track)%00%(upstream:remotename)%00%(upstream:remoteref) refs/heads/ros2 refs/remotes/ros2 [2ms]
2024-11-14 12:45:00.537 [warning] [Git][revParse] Unable to read file: ENOENT: no such file or directory, open '/root/ros2_ws/src/sjtu_drone/.git/refs/remotes/origin/ros2'
2024-11-14 12:45:00.539 [info] > git rev-parse refs/remotes/origin/ros2 [2ms]
2024-11-14 12:45:00.550 [info] > git for-each-ref --sort -committerdate --format %(refname) %(objectname) %(*objectname) [1ms]
2024-11-14 12:45:00.557 [info] > git status -z -uall [13ms]
2024-11-14 12:46:00.535 [info] > git config --get commit.template [5ms]
2024-11-14 12:46:00.537 [info] > git for-each-ref --format=%(refname)%00%(upstream:short)%00%(objectname)%00%(upstream:track)%00%(upstream:remotename)%00%(upstream:remoteref) refs/heads/ros2 refs/remotes/ros2 [3ms]
2024-11-14 12:46:00.541 [warning] [Git][revParse] Unable to read file: ENOENT: no such file or directory, open '/root/ros2_ws/src/sjtu_drone/.git/refs/remotes/origin/ros2'
2024-11-14 12:46:00.543 [info] > git rev-parse refs/remotes/origin/ros2 [2ms]
2024-11-14 12:46:00.553 [info] > git for-each-ref --sort -committerdate --format %(refname) %(objectname) %(*objectname) [2ms]
2024-11-14 12:46:00.560 [info] > git status -z -uall [13ms]
2024-11-14 12:47:00.536 [info] > git config --get commit.template [5ms]
2024-11-14 12:47:00.537 [info] > git for-each-ref --format=%(refname)%00%(upstream:short)%00%(objectname)%00%(upstream:track)%00%(upstream:remotename)%00%(upstream:remoteref) refs/heads/ros2 refs/remotes/ros2 [2ms]
2024-11-14 12:47:00.541 [warning] [Git][revParse] Unable to read file: ENOENT: no such file or directory, open '/root/ros2_ws/src/sjtu_drone/.git/refs/remotes/origin/ros2'
2024-11-14 12:47:00.542 [info] > git rev-parse refs/remotes/origin/ros2 [1ms]
2024-11-14 12:47:00.549 [info] > git for-each-ref --sort -committerdate --format %(refname) %(objectname) %(*objectname) [1ms]
2024-11-14 12:47:00.560 [info] > git status -z -uall [15ms]
2024-11-14 13:10:34.301 [info] > git config --get commit.template [15ms]
2024-11-14 13:10:34.307 [info] > git for-each-ref --format=%(refname)%00%(upstream:short)%00%(objectname)%00%(upstream:track)%00%(upstream:remotename)%00%(upstream:remoteref) refs/heads/ros2 refs/remotes/ros2 [15ms]
2024-11-14 13:10:34.311 [warning] [Git][revParse] Unable to read file: ENOENT: no such file or directory, open '/root/ros2_ws/src/sjtu_drone/.git/refs/remotes/origin/ros2'
2024-11-14 13:10:34.313 [info] > git rev-parse refs/remotes/origin/ros2 [1ms]
2024-11-14 13:10:34.324 [info] > git for-each-ref --sort -committerdate --format %(refname) %(objectname) %(*objectname) [3ms]
2024-11-14 13:10:34.379 [info] > git status -z -uall [63ms]
2024-11-14 13:10:39.396 [info] > git config --get commit.template [2ms]
2024-11-14 13:10:39.403 [info] > git for-each-ref --format=%(refname)%00%(upstream:short)%00%(objectname)%00%(upstream:track)%00%(upstream:remotename)%00%(upstream:remoteref) refs/heads/ros2 refs/remotes/ros2 [2ms]
2024-11-14 13:10:39.412 [warning] [Git][revParse] Unable to read file: ENOENT: no such file or directory, open '/root/ros2_ws/src/sjtu_drone/.git/refs/remotes/origin/ros2'
2024-11-14 13:10:39.414 [info] > git rev-parse refs/remotes/origin/ros2 [1ms]
2024-11-14 13:10:39.421 [info] > git for-each-ref --sort -committerdate --format %(refname) %(objectname) %(*objectname) [2ms]
2024-11-14 13:10:39.427 [info] > git status -z -uall [11ms]
2024-11-14 13:11:19.275 [info] > git show --textconv :sjtu_drone_control/sjtu_drone_control/drone_position_control.py [6ms]
2024-11-14 13:11:19.276 [info] > git ls-files --stage -- /root/ros2_ws/src/sjtu_drone/sjtu_drone_control/sjtu_drone_control/drone_position_control.py [2ms]
2024-11-14 13:11:19.283 [info] > git cat-file -s 04f82630b03882b4dad0bae1dcad76cb431d9773 [2ms]
2024-11-14 13:11:23.151 [info] > git show --textconv :sjtu_drone_control/sjtu_drone_control/open_loop_control.py [6ms]
2024-11-14 13:11:23.153 [info] > git ls-files --stage -- /root/ros2_ws/src/sjtu_drone/sjtu_drone_control/sjtu_drone_control/open_loop_control.py [2ms]
2024-11-14 13:11:23.160 [info] > git cat-file -s c83c2ebfe3c332604b16fe1ad3a80245f72da8d9 [1ms]
2024-11-14 13:11:40.284 [info] > git config --get commit.template [4ms]
2024-11-14 13:11:40.285 [info] > git for-each-ref --format=%(refname)%00%(upstream:short)%00%(objectname)%00%(upstream:track)%00%(upstream:remotename)%00%(upstream:remoteref) refs/heads/ros2 refs/remotes/ros2 [2ms]
2024-11-14 13:11:40.289 [warning] [Git][revParse] Unable to read file: ENOENT: no such file or directory, open '/root/ros2_ws/src/sjtu_drone/.git/refs/remotes/origin/ros2'
2024-11-14 13:11:40.290 [info] > git rev-parse refs/remotes/origin/ros2 [1ms]
2024-11-14 13:11:40.297 [info] > git for-each-ref --sort -committerdate --format %(refname) %(objectname) %(*objectname) [1ms]
2024-11-14 13:11:40.304 [info] > git status -z -uall [11ms]
2024-11-14 13:12:00.400 [info] > git config --get commit.template [3ms]
2024-11-14 13:12:00.400 [info] > git for-each-ref --format=%(refname)%00%(upstream:short)%00%(objectname)%00%(upstream:track)%00%(upstream:remotename)%00%(upstream:remoteref) refs/heads/ros2 refs/remotes/ros2 [1ms]
2024-11-14 13:12:00.402 [warning] [Git][revParse] Unable to read file: ENOENT: no such file or directory, open '/root/ros2_ws/src/sjtu_drone/.git/refs/remotes/origin/ros2'
2024-11-14 13:12:00.403 [info] > git rev-parse refs/remotes/origin/ros2 [1ms]
2024-11-14 13:12:00.409 [info] > git for-each-ref --sort -committerdate --format %(refname) %(objectname) %(*objectname) [1ms]
2024-11-14 13:12:00.416 [info] > git status -z -uall [10ms]
2024-11-14 13:26:30.612 [info] > git config --get commit.template [10ms]
2024-11-14 13:26:30.615 [info] > git for-each-ref --format=%(refname)%00%(upstream:short)%00%(objectname)%00%(upstream:track)%00%(upstream:remotename)%00%(upstream:remoteref) refs/heads/ros2 refs/remotes/ros2 [8ms]
2024-11-14 13:26:30.618 [warning] [Git][revParse] Unable to read file: ENOENT: no such file or directory, open '/root/ros2_ws/src/sjtu_drone/.git/refs/remotes/origin/ros2'
2024-11-14 13:26:30.620 [info] > git rev-parse refs/remotes/origin/ros2 [2ms]
2024-11-14 13:26:30.628 [info] > git for-each-ref --sort -committerdate --format %(refname) %(objectname) %(*objectname) [2ms]
2024-11-14 13:26:30.674 [info] > git status -z -uall [51ms]
2024-11-14 13:26:34.568 [info] > git show --textconv :sjtu_drone_control/sjtu_drone_control/teleop_joystick.py [3ms]
2024-11-14 13:26:34.569 [info] > git ls-files --stage -- /root/ros2_ws/src/sjtu_drone/sjtu_drone_control/sjtu_drone_control/teleop_joystick.py [1ms]
2024-11-14 13:26:34.572 [info] > git cat-file -s 52404cd52fe2e581eae79289c27083102dff115c [1ms]
2024-11-14 13:26:35.683 [info] > git config --get commit.template [2ms]
2024-11-14 13:26:35.683 [info] > git for-each-ref --format=%(refname)%00%(upstream:short)%00%(objectname)%00%(upstream:track)%00%(upstream:remotename)%00%(upstream:remoteref) refs/heads/ros2 refs/remotes/ros2 [1ms]
2024-11-14 13:26:35.696 [warning] [Git][revParse] Unable to read file: ENOENT: no such file or directory, open '/root/ros2_ws/src/sjtu_drone/.git/refs/remotes/origin/ros2'
2024-11-14 13:26:35.697 [info] > git rev-parse refs/remotes/origin/ros2 [1ms]
2024-11-14 13:26:35.702 [info] > git for-each-ref --sort -committerdate --format %(refname) %(objectname) %(*objectname) [1ms]
2024-11-14 13:26:35.709 [info] > git status -z -uall [11ms]
2024-11-14 13:26:36.658 [info] > git show --textconv :sjtu_drone_control/sjtu_drone_control/teleop.py [3ms]
2024-11-14 13:26:36.659 [info] > git ls-files --stage -- /root/ros2_ws/src/sjtu_drone/sjtu_drone_control/sjtu_drone_control/teleop.py [1ms]
2024-11-14 13:26:36.662 [info] > git cat-file -s 992196801c176f6e57d164974481540f2e11da42 [1ms]
2024-11-14 13:26:55.533 [info] > git config --get commit.template [2ms]
2024-11-14 13:26:55.533 [info] > git for-each-ref --format=%(refname)%00%(upstream:short)%00%(objectname)%00%(upstream:track)%00%(upstream:remotename)%00%(upstream:remoteref) refs/heads/ros2 refs/remotes/ros2 [1ms]
2024-11-14 13:26:55.536 [warning] [Git][revParse] Unable to read file: ENOENT: no such file or directory, open '/root/ros2_ws/src/sjtu_drone/.git/refs/remotes/origin/ros2'
2024-11-14 13:26:55.537 [info] > git rev-parse refs/remotes/origin/ros2 [1ms]
2024-11-14 13:26:55.542 [info] > git for-each-ref --sort -committerdate --format %(refname) %(objectname) %(*objectname) [1ms]
2024-11-14 13:26:55.549 [info] > git status -z -uall [10ms]
2024-11-14 13:27:00.557 [info] > git config --get commit.template [3ms]
2024-11-14 13:27:00.558 [info] > git for-each-ref --format=%(refname)%00%(upstream:short)%00%(objectname)%00%(upstream:track)%00%(upstream:remotename)%00%(upstream:remoteref) refs/heads/ros2 refs/remotes/ros2 [1ms]
2024-11-14 13:27:00.560 [warning] [Git][revParse] Unable to read file: ENOENT: no such file or directory, open '/root/ros2_ws/src/sjtu_drone/.git/refs/remotes/origin/ros2'
2024-11-14 13:27:00.561 [info] > git rev-parse refs/remotes/origin/ros2 [1ms]
2024-11-14 13:27:00.566 [info] > git for-each-ref --sort -committerdate --format %(refname) %(objectname) %(*objectname) [1ms]
2024-11-14 13:27:00.573 [info] > git status -z -uall [10ms]
2024-11-14 13:29:00.497 [info] > git config --get commit.template [11ms]
2024-11-14 13:29:00.500 [info] > git for-each-ref --format=%(refname)%00%(upstream:short)%00%(objectname)%00%(upstream:track)%00%(upstream:remotename)%00%(upstream:remoteref) refs/heads/ros2 refs/remotes/ros2 [10ms]
2024-11-14 13:29:00.503 [warning] [Git][revParse] Unable to read file: ENOENT: no such file or directory, open '/root/ros2_ws/src/sjtu_drone/.git/refs/remotes/origin/ros2'
2024-11-14 13:29:00.505 [info] > git rev-parse refs/remotes/origin/ros2 [2ms]
2024-11-14 13:29:00.512 [info] > git for-each-ref --sort -committerdate --format %(refname) %(objectname) %(*objectname) [3ms]
2024-11-14 13:29:00.553 [info] > git status -z -uall [46ms]
2024-11-14 13:29:23.263 [info] > git config --get commit.template [12ms]
2024-11-14 13:29:23.267 [info] > git for-each-ref --format=%(refname)%00%(upstream:short)%00%(objectname)%00%(upstream:track)%00%(upstream:remotename)%00%(upstream:remoteref) refs/heads/ros2 refs/remotes/ros2 [10ms]
2024-11-14 13:29:23.271 [warning] [Git][revParse] Unable to read file: ENOENT: no such file or directory, open '/root/ros2_ws/src/sjtu_drone/.git/refs/remotes/origin/ros2'
2024-11-14 13:29:23.273 [info] > git rev-parse refs/remotes/origin/ros2 [2ms]
2024-11-14 13:29:23.281 [info] > git for-each-ref --sort -committerdate --format %(refname) %(objectname) %(*objectname) [2ms]
2024-11-14 13:29:23.326 [info] > git status -z -uall [50ms]
2024-11-14 13:29:38.299 [info] > git check-ignore -v -z --stdin [1ms]
2024-11-14 13:29:38.682 [info] > git config --get commit.template [3ms]
2024-11-14 13:29:38.683 [info] > git for-each-ref --format=%(refname)%00%(upstream:short)%00%(objectname)%00%(upstream:track)%00%(upstream:remotename)%00%(upstream:remoteref) refs/heads/ros2 refs/remotes/ros2 [2ms]
2024-11-14 13:29:38.685 [warning] [Git][revParse] Unable to read file: ENOENT: no such file or directory, open '/root/ros2_ws/src/sjtu_drone/.git/refs/remotes/origin/ros2'
2024-11-14 13:29:38.686 [info] > git rev-parse refs/remotes/origin/ros2 [1ms]
2024-11-14 13:29:38.691 [info] > git for-each-ref --sort -committerdate --format %(refname) %(objectname) %(*objectname) [1ms]
2024-11-14 13:29:38.698 [info] > git status -z -uall [10ms]
2024-11-14 13:29:39.997 [info] > git check-ignore -v -z --stdin [1ms]
2024-11-14 13:29:43.708 [info] > git config --get commit.template [3ms]
2024-11-14 13:29:43.709 [info] > git for-each-ref --format=%(refname)%00%(upstream:short)%00%(objectname)%00%(upstream:track)%00%(upstream:remotename)%00%(upstream:remoteref) refs/heads/ros2 refs/remotes/ros2 [1ms]
2024-11-14 13:29:43.712 [warning] [Git][revParse] Unable to read file: ENOENT: no such file or directory, open '/root/ros2_ws/src/sjtu_drone/.git/refs/remotes/origin/ros2'
2024-11-14 13:29:43.713 [info] > git rev-parse refs/remotes/origin/ros2 [1ms]
2024-11-14 13:29:43.718 [info] > git for-each-ref --sort -committerdate --format %(refname) %(objectname) %(*objectname) [1ms]
2024-11-14 13:29:43.725 [info] > git status -z -uall [10ms]
2024-11-14 13:29:48.735 [info] > git config --get commit.template [1ms]
2024-11-14 13:29:48.738 [info] > git for-each-ref --format=%(refname)%00%(upstream:short)%00%(objectname)%00%(upstream:track)%00%(upstream:remotename)%00%(upstream:remoteref) refs/heads/ros2 refs/remotes/ros2 [1ms]
2024-11-14 13:29:48.741 [warning] [Git][revParse] Unable to read file: ENOENT: no such file or directory, open '/root/ros2_ws/src/sjtu_drone/.git/refs/remotes/origin/ros2'
2024-11-14 13:29:48.741 [info] > git rev-parse refs/remotes/origin/ros2 [1ms]
2024-11-14 13:29:48.747 [info] > git for-each-ref --sort -committerdate --format %(refname) %(objectname) %(*objectname) [1ms]
2024-11-14 13:29:48.753 [info] > git status -z -uall [10ms]
2024-11-14 13:30:00.465 [info] > git config --get commit.template [4ms]
2024-11-14 13:30:00.466 [info] > git for-each-ref --format=%(refname)%00%(upstream:short)%00%(objectname)%00%(upstream:track)%00%(upstream:remotename)%00%(upstream:remoteref) refs/heads/ros2 refs/remotes/ros2 [2ms]
2024-11-14 13:30:00.469 [warning] [Git][revParse] Unable to read file: ENOENT: no such file or directory, open '/root/ros2_ws/src/sjtu_drone/.git/refs/remotes/origin/ros2'
2024-11-14 13:30:00.470 [info] > git rev-parse refs/remotes/origin/ros2 [1ms]
2024-11-14 13:30:00.475 [info] > git for-each-ref --sort -committerdate --format %(refname) %(objectname) %(*objectname) [1ms]
2024-11-14 13:30:00.483 [info] > git status -z -uall [11ms]
2024-11-14 13:30:03.259 [info] > git check-ignore -v -z --stdin [1ms]
2024-11-14 13:30:05.126 [info] > git check-ignore -v -z --stdin [1ms]
2024-11-14 13:30:05.492 [info] > git config --get commit.template [3ms]
2024-11-14 13:30:05.493 [info] > git for-each-ref --format=%(refname)%00%(upstream:short)%00%(objectname)%00%(upstream:track)%00%(upstream:remotename)%00%(upstream:remoteref) refs/heads/ros2 refs/remotes/ros2 [1ms]
2024-11-14 13:30:05.495 [warning] [Git][revParse] Unable to read file: ENOENT: no such file or directory, open '/root/ros2_ws/src/sjtu_drone/.git/refs/remotes/origin/ros2'
2024-11-14 13:30:05.496 [info] > git rev-parse refs/remotes/origin/ros2 [1ms]
2024-11-14 13:30:05.501 [info] > git for-each-ref --sort -committerdate --format %(refname) %(objectname) %(*objectname) [1ms]
2024-11-14 13:30:05.508 [info] > git status -z -uall [10ms]
2024-11-14 13:30:10.520 [info] > git config --get commit.template [2ms]
2024-11-14 13:30:10.520 [info] > git for-each-ref --format=%(refname)%00%(upstream:short)%00%(objectname)%00%(upstream:track)%00%(upstream:remotename)%00%(upstream:remoteref) refs/heads/ros2 refs/remotes/ros2 [1ms]
2024-11-14 13:30:10.532 [warning] [Git][revParse] Unable to read file: ENOENT: no such file or directory, open '/root/ros2_ws/src/sjtu_drone/.git/refs/remotes/origin/ros2'
2024-11-14 13:30:10.533 [info] > git rev-parse refs/remotes/origin/ros2 [1ms]
2024-11-14 13:30:10.539 [info] > git for-each-ref --sort -committerdate --format %(refname) %(objectname) %(*objectname) [2ms]
2024-11-14 13:30:10.545 [info] > git status -z -uall [10ms]
2024-11-14 13:31:00.397 [info] > git config --get commit.template [10ms]
2024-11-14 13:31:00.400 [info] > git for-each-ref --format=%(refname)%00%(upstream:short)%00%(objectname)%00%(upstream:track)%00%(upstream:remotename)%00%(upstream:remoteref) refs/heads/ros2 refs/remotes/ros2 [10ms]
2024-11-14 13:31:00.403 [warning] [Git][revParse] Unable to read file: ENOENT: no such file or directory, open '/root/ros2_ws/src/sjtu_drone/.git/refs/remotes/origin/ros2'
2024-11-14 13:31:00.404 [info] > git rev-parse refs/remotes/origin/ros2 [1ms]
2024-11-14 13:31:00.411 [info] > git for-each-ref --sort -committerdate --format %(refname) %(objectname) %(*objectname) [3ms]
2024-11-14 13:31:00.457 [info] > git status -z -uall [51ms]
2024-11-14 13:34:03.551 [info] > git config --get commit.template [4ms]
2024-11-14 13:34:03.552 [info] > git for-each-ref --format=%(refname)%00%(upstream:short)%00%(objectname)%00%(upstream:track)%00%(upstream:remotename)%00%(upstream:remoteref) refs/heads/ros2 refs/remotes/ros2 [0ms]
2024-11-14 13:34:03.554 [warning] [Git][revParse] Unable to read file: ENOENT: no such file or directory, open '/root/ros2_ws/src/sjtu_drone/.git/refs/remotes/origin/ros2'
2024-11-14 13:34:03.555 [info] > git rev-parse refs/remotes/origin/ros2 [1ms]
2024-11-14 13:34:03.560 [info] > git for-each-ref --sort -committerdate --format %(refname) %(objectname) %(*objectname) [1ms]
2024-11-14 13:34:03.567 [info] > git status -z -uall [10ms]
2024-11-14 13:34:23.559 [info] > git config --get commit.template [3ms]
2024-11-14 13:34:23.560 [info] > git for-each-ref --format=%(refname)%00%(upstream:short)%00%(objectname)%00%(upstream:track)%00%(upstream:remotename)%00%(upstream:remoteref) refs/heads/ros2 refs/remotes/ros2 [1ms]
2024-11-14 13:34:23.563 [warning] [Git][revParse] Unable to read file: ENOENT: no such file or directory, open '/root/ros2_ws/src/sjtu_drone/.git/refs/remotes/origin/ros2'
2024-11-14 13:34:23.564 [info] > git rev-parse refs/remotes/origin/ros2 [1ms]
2024-11-14 13:34:23.571 [info] > git for-each-ref --sort -committerdate --format %(refname) %(objectname) %(*objectname) [1ms]
2024-11-14 13:34:23.577 [info] > git status -z -uall [10ms]
2024-11-14 13:47:11.485 [info] > git config --get commit.template [11ms]
2024-11-14 13:47:11.489 [info] > git for-each-ref --format=%(refname)%00%(upstream:short)%00%(objectname)%00%(upstream:track)%00%(upstream:remotename)%00%(upstream:remoteref) refs/heads/ros2 refs/remotes/ros2 [10ms]
2024-11-14 13:47:11.492 [warning] [Git][revParse] Unable to read file: ENOENT: no such file or directory, open '/root/ros2_ws/src/sjtu_drone/.git/refs/remotes/origin/ros2'
2024-11-14 13:47:11.493 [info] > git rev-parse refs/remotes/origin/ros2 [1ms]
2024-11-14 13:47:11.501 [info] > git for-each-ref --sort -committerdate --format %(refname) %(objectname) %(*objectname) [2ms]
2024-11-14 13:47:11.539 [info] > git status -z -uall [43ms]
2024-11-14 14:08:48.797 [info] > git config --get commit.template [10ms]
2024-11-14 14:08:48.801 [info] > git for-each-ref --format=%(refname)%00%(upstream:short)%00%(objectname)%00%(upstream:track)%00%(upstream:remotename)%00%(upstream:remoteref) refs/heads/ros2 refs/remotes/ros2 [9ms]
2024-11-14 14:08:48.804 [warning] [Git][revParse] Unable to read file: ENOENT: no such file or directory, open '/root/ros2_ws/src/sjtu_drone/.git/refs/remotes/origin/ros2'
2024-11-14 14:08:48.805 [info] > git rev-parse refs/remotes/origin/ros2 [1ms]
2024-11-14 14:08:48.813 [info] > git for-each-ref --sort -committerdate --format %(refname) %(objectname) %(*objectname) [3ms]
2024-11-14 14:08:48.853 [info] > git status -z -uall [45ms]
2024-11-14 14:09:02.505 [info] > git config --get commit.template [5ms]
2024-11-14 14:09:02.507 [info] > git for-each-ref --format=%(refname)%00%(upstream:short)%00%(objectname)%00%(upstream:track)%00%(upstream:remotename)%00%(upstream:remoteref) refs/heads/ros2 refs/remotes/ros2 [1ms]
2024-11-14 14:09:02.519 [warning] [Git][revParse] Unable to read file: ENOENT: no such file or directory, open '/root/ros2_ws/src/sjtu_drone/.git/refs/remotes/origin/ros2'
2024-11-14 14:09:02.519 [info] > git rev-parse refs/remotes/origin/ros2 [0ms]
2024-11-14 14:09:02.529 [info] > git for-each-ref --sort -committerdate --format %(refname) %(objectname) %(*objectname) [1ms]
2024-11-14 14:09:02.536 [info] > git status -z -uall [13ms]
2024-11-14 14:09:56.506 [info] > git config --get commit.template [4ms]
2024-11-14 14:09:56.507 [info] > git for-each-ref --format=%(refname)%00%(upstream:short)%00%(objectname)%00%(upstream:track)%00%(upstream:remotename)%00%(upstream:remoteref) refs/heads/ros2 refs/remotes/ros2 [2ms]
2024-11-14 14:09:56.511 [warning] [Git][revParse] Unable to read file: ENOENT: no such file or directory, open '/root/ros2_ws/src/sjtu_drone/.git/refs/remotes/origin/ros2'
2024-11-14 14:09:56.513 [info] > git rev-parse refs/remotes/origin/ros2 [2ms]
2024-11-14 14:09:56.526 [info] > git for-each-ref --sort -committerdate --format %(refname) %(objectname) %(*objectname) [3ms]
2024-11-14 14:09:56.536 [info] > git status -z -uall [18ms]
2024-11-14 14:19:03.061 [info] > git config --get commit.template [25ms]
2024-11-14 14:19:03.068 [info] > git for-each-ref --format=%(refname)%00%(upstream:short)%00%(objectname)%00%(upstream:track)%00%(upstream:remotename)%00%(upstream:remoteref) refs/heads/ros2 refs/remotes/ros2 [26ms]
2024-11-14 14:19:03.071 [warning] [Git][revParse] Unable to read file: ENOENT: no such file or directory, open '/root/ros2_ws/src/sjtu_drone/.git/refs/remotes/origin/ros2'
2024-11-14 14:19:03.073 [info] > git rev-parse refs/remotes/origin/ros2 [2ms]
2024-11-14 14:19:03.081 [info] > git for-each-ref --sort -committerdate --format %(refname) %(objectname) %(*objectname) [3ms]
2024-11-14 14:19:03.124 [info] > git status -z -uall [49ms]
2024-11-14 14:22:44.082 [info] > git config --get commit.template [19ms]
2024-11-14 14:22:44.096 [info] > git for-each-ref --format=%(refname)%00%(upstream:short)%00%(objectname)%00%(upstream:track)%00%(upstream:remotename)%00%(upstream:remoteref) refs/heads/ros2 refs/remotes/ros2 [26ms]
2024-11-14 14:22:44.102 [warning] [Git][revParse] Unable to read file: ENOENT: no such file or directory, open '/root/ros2_ws/src/sjtu_drone/.git/refs/remotes/origin/ros2'
2024-11-14 14:22:44.104 [info] > git rev-parse refs/remotes/origin/ros2 [2ms]
2024-11-14 14:22:44.114 [info] > git for-each-ref --sort -committerdate --format %(refname) %(objectname) %(*objectname) [3ms]
2024-11-14 14:22:44.163 [info] > git status -z -uall [55ms]
2024-11-14 17:27:18.079 [info] > git config --get commit.template [15ms]
2024-11-14 17:27:18.082 [info] > git for-each-ref --format=%(refname)%00%(upstream:short)%00%(objectname)%00%(upstream:track)%00%(upstream:remotename)%00%(upstream:remoteref) refs/heads/ros2 refs/remotes/ros2 [11ms]
2024-11-14 17:27:18.086 [warning] [Git][revParse] Unable to read file: ENOENT: no such file or directory, open '/root/ros2_ws/src/sjtu_drone/.git/refs/remotes/origin/ros2'
2024-11-14 17:27:18.087 [info] > git rev-parse refs/remotes/origin/ros2 [1ms]
2024-11-14 17:27:18.096 [info] > git for-each-ref --sort -committerdate --format %(refname) %(objectname) %(*objectname) [3ms]
2024-11-14 17:27:18.136 [info] > git status -z -uall [46ms]
2024-11-14 17:27:22.077 [info] > git show --textconv :sjtu_drone_bringup/launch/sjtu_drone_bringup.launch.py [6ms]
2024-11-14 17:27:22.078 [info] > git ls-files --stage -- /root/ros2_ws/src/sjtu_drone/sjtu_drone_bringup/launch/sjtu_drone_bringup.launch.py [2ms]
2024-11-14 17:27:22.084 [info] > git cat-file -s 78b1cea93489529ccf273b0060201ef7641cb6ef [2ms]
2024-11-14 17:27:23.149 [info] > git config --get commit.template [5ms]
2024-11-14 17:27:23.150 [info] > git for-each-ref --format=%(refname)%00%(upstream:short)%00%(objectname)%00%(upstream:track)%00%(upstream:remotename)%00%(upstream:remoteref) refs/heads/ros2 refs/remotes/ros2 [2ms]
2024-11-14 17:27:23.165 [warning] [Git][revParse] Unable to read file: ENOENT: no such file or directory, open '/root/ros2_ws/src/sjtu_drone/.git/refs/remotes/origin/ros2'
2024-11-14 17:27:23.167 [info] > git rev-parse refs/remotes/origin/ros2 [2ms]
2024-11-14 17:27:23.178 [info] > git for-each-ref --sort -committerdate --format %(refname) %(objectname) %(*objectname) [2ms]
2024-11-14 17:27:23.191 [info] > git status -z -uall [20ms]
2024-11-14 17:27:43.023 [info] > git config --get commit.template [3ms]
2024-11-14 17:27:43.024 [info] > git for-each-ref --format=%(refname)%00%(upstream:short)%00%(objectname)%00%(upstream:track)%00%(upstream:remotename)%00%(upstream:remoteref) refs/heads/ros2 refs/remotes/ros2 [1ms]
2024-11-14 17:27:43.026 [warning] [Git][revParse] Unable to read file: ENOENT: no such file or directory, open '/root/ros2_ws/src/sjtu_drone/.git/refs/remotes/origin/ros2'
2024-11-14 17:27:43.027 [info] > git rev-parse refs/remotes/origin/ros2 [1ms]
2024-11-14 17:27:43.032 [info] > git for-each-ref --sort -committerdate --format %(refname) %(objectname) %(*objectname) [1ms]
2024-11-14 17:27:43.039 [info] > git status -z -uall [10ms]
2024-11-14 17:28:14.283 [info] > git config --get commit.template [18ms]
2024-11-14 17:28:14.286 [info] > git for-each-ref --format=%(refname)%00%(upstream:short)%00%(objectname)%00%(upstream:track)%00%(upstream:remotename)%00%(upstream:remoteref) refs/heads/ros2 refs/remotes/ros2 [17ms]
2024-11-14 17:28:14.289 [warning] [Git][revParse] Unable to read file: ENOENT: no such file or directory, open '/root/ros2_ws/src/sjtu_drone/.git/refs/remotes/origin/ros2'
2024-11-14 17:28:14.290 [info] > git rev-parse refs/remotes/origin/ros2 [1ms]
2024-11-14 17:28:14.297 [info] > git for-each-ref --sort -committerdate --format %(refname) %(objectname) %(*objectname) [2ms]
2024-11-14 17:28:14.340 [info] > git status -z -uall [47ms]
2024-11-14 17:33:55.607 [info] > git config --get commit.template [13ms]
2024-11-14 17:33:55.614 [info] > git for-each-ref --format=%(refname)%00%(upstream:short)%00%(objectname)%00%(upstream:track)%00%(upstream:remotename)%00%(upstream:remoteref) refs/heads/ros2 refs/remotes/ros2 [14ms]
2024-11-14 17:33:55.619 [warning] [Git][revParse] Unable to read file: ENOENT: no such file or directory, open '/root/ros2_ws/src/sjtu_drone/.git/refs/remotes/origin/ros2'
2024-11-14 17:33:55.622 [info] > git rev-parse refs/remotes/origin/ros2 [2ms]
2024-11-14 17:33:55.646 [info] > git for-each-ref --sort -committerdate --format %(refname) %(objectname) %(*objectname) [6ms]
2024-11-14 17:33:55.744 [info] > git status -z -uall [117ms]
2024-11-14 17:35:07.227 [info] > git config --get commit.template [4ms]
2024-11-14 17:35:07.228 [info] > git for-each-ref --format=%(refname)%00%(upstream:short)%00%(objectname)%00%(upstream:track)%00%(upstream:remotename)%00%(upstream:remoteref) refs/heads/ros2 refs/remotes/ros2 [1ms]
2024-11-14 17:35:07.232 [warning] [Git][revParse] Unable to read file: ENOENT: no such file or directory, open '/root/ros2_ws/src/sjtu_drone/.git/refs/remotes/origin/ros2'
2024-11-14 17:35:07.233 [info] > git rev-parse refs/remotes/origin/ros2 [1ms]
2024-11-14 17:35:07.249 [info] > git for-each-ref --sort -committerdate --format %(refname) %(objectname) %(*objectname) [3ms]
2024-11-14 17:35:07.253 [info] > git status -z -uall [14ms]
2024-11-14 17:35:12.264 [info] > git config --get commit.template [3ms]
2024-11-14 17:35:12.264 [info] > git for-each-ref --format=%(refname)%00%(upstream:short)%00%(objectname)%00%(upstream:track)%00%(upstream:remotename)%00%(upstream:remoteref) refs/heads/ros2 refs/remotes/ros2 [1ms]
2024-11-14 17:35:12.267 [warning] [Git][revParse] Unable to read file: ENOENT: no such file or directory, open '/root/ros2_ws/src/sjtu_drone/.git/refs/remotes/origin/ros2'
2024-11-14 17:35:12.267 [info] > git rev-parse refs/remotes/origin/ros2 [0ms]
2024-11-14 17:35:12.273 [info] > git for-each-ref --sort -committerdate --format %(refname) %(objectname) %(*objectname) [1ms]
2024-11-14 17:35:12.280 [info] > git status -z -uall [10ms]
